<?xml version="1.0" encoding="UTF-8"?>
<testsuite name="VerifyLinks F"
           tests="648"
           failures="5"
           errors="0"
           skipped="0"
           time="210,560">
  <properties />
            <testcase name="VerifyAllLinks" time="0,257" classname="VerifyLinks">
                <failure type="java.lang.AssertionError"
                  message="Ссылка не работоспособна.Not Found expected [true] but found [false]"
              >
<![CDATA[java.lang.AssertionError: Ссылка не работоспособна.Not Found expected [true] but found [false]
  org.testng.Assert.fail(Assert.java:94)
  org.testng.Assert.failNotEquals(Assert.java:494)
  org.testng.Assert.assertTrue(Assert.java:42)
  VerifyLinks.VerifyAllLinks(VerifyLinks.java:79)
  sun.reflect.GeneratedMethodAccessor1.invoke(Unknown Source)
  sun.reflect.DelegatingMethodAccessorImpl.invoke(DelegatingMethodAccessorImpl.java:43)
  java.lang.reflect.Method.invoke(Method.java:498)
  org.testng.internal.MethodInvocationHelper.invokeMethod(MethodInvocationHelper.java:80)
  org.testng.internal.Invoker.invokeMethod(Invoker.java:714)
  org.testng.internal.Invoker.invokeTestMethod(Invoker.java:901)
  org.testng.internal.Invoker.invokeTestMethods(Invoker.java:1231)
  org.testng.internal.TestMethodWorker.invokeTestMethods(TestMethodWorker.java:127)
  org.testng.internal.TestMethodWorker.run(TestMethodWorker.java:111)
  org.testng.TestRunner.privateRun(TestRunner.java:767)
  org.testng.TestRunner.run(TestRunner.java:617)
  org.testng.SuiteRunner.runTest(SuiteRunner.java:334)
  org.testng.SuiteRunner.access$000(SuiteRunner.java:37)
  org.testng.SuiteRunner$SuiteWorker.run(SuiteRunner.java:368)
  org.testng.internal.thread.ThreadUtil$2.call(ThreadUtil.java:64)
  java.util.concurrent.FutureTask.run(FutureTask.java:266)
  java.util.concurrent.ThreadPoolExecutor.runWorker(ThreadPoolExecutor.java:1149)
  java.util.concurrent.ThreadPoolExecutor$Worker.run(ThreadPoolExecutor.java:624)
  java.lang.Thread.run(Thread.java:748)
]]>
      </failure>

          </testcase>
            <testcase name="VerifyAllLinks" time="1,207" classname="VerifyLinks">
                <failure type="java.lang.AssertionError"
                  message="Ссылка не работоспособна.Not Found expected [true] but found [false]"
              >
<![CDATA[java.lang.AssertionError: Ссылка не работоспособна.Not Found expected [true] but found [false]
  org.testng.Assert.fail(Assert.java:94)
  org.testng.Assert.failNotEquals(Assert.java:494)
  org.testng.Assert.assertTrue(Assert.java:42)
  VerifyLinks.VerifyAllLinks(VerifyLinks.java:79)
  sun.reflect.GeneratedMethodAccessor1.invoke(Unknown Source)
  sun.reflect.DelegatingMethodAccessorImpl.invoke(DelegatingMethodAccessorImpl.java:43)
  java.lang.reflect.Method.invoke(Method.java:498)
  org.testng.internal.MethodInvocationHelper.invokeMethod(MethodInvocationHelper.java:80)
  org.testng.internal.Invoker.invokeMethod(Invoker.java:714)
  org.testng.internal.Invoker.invokeTestMethod(Invoker.java:901)
  org.testng.internal.Invoker.invokeTestMethods(Invoker.java:1231)
  org.testng.internal.TestMethodWorker.invokeTestMethods(TestMethodWorker.java:127)
  org.testng.internal.TestMethodWorker.run(TestMethodWorker.java:111)
  org.testng.TestRunner.privateRun(TestRunner.java:767)
  org.testng.TestRunner.run(TestRunner.java:617)
  org.testng.SuiteRunner.runTest(SuiteRunner.java:334)
  org.testng.SuiteRunner.access$000(SuiteRunner.java:37)
  org.testng.SuiteRunner$SuiteWorker.run(SuiteRunner.java:368)
  org.testng.internal.thread.ThreadUtil$2.call(ThreadUtil.java:64)
  java.util.concurrent.FutureTask.run(FutureTask.java:266)
  java.util.concurrent.ThreadPoolExecutor.runWorker(ThreadPoolExecutor.java:1149)
  java.util.concurrent.ThreadPoolExecutor$Worker.run(ThreadPoolExecutor.java:624)
  java.lang.Thread.run(Thread.java:748)
]]>
      </failure>

          </testcase>
            <testcase name="VerifyAllLinks" time="0,520" classname="VerifyLinks">
                <failure type="java.lang.AssertionError"
                  message="Ссылка не работоспособна.Forbidden expected [true] but found [false]"
              >
<![CDATA[java.lang.AssertionError: Ссылка не работоспособна.Forbidden expected [true] but found [false]
  org.testng.Assert.fail(Assert.java:94)
  org.testng.Assert.failNotEquals(Assert.java:494)
  org.testng.Assert.assertTrue(Assert.java:42)
  VerifyLinks.VerifyAllLinks(VerifyLinks.java:79)
  sun.reflect.GeneratedMethodAccessor1.invoke(Unknown Source)
  sun.reflect.DelegatingMethodAccessorImpl.invoke(DelegatingMethodAccessorImpl.java:43)
  java.lang.reflect.Method.invoke(Method.java:498)
  org.testng.internal.MethodInvocationHelper.invokeMethod(MethodInvocationHelper.java:80)
  org.testng.internal.Invoker.invokeMethod(Invoker.java:714)
  org.testng.internal.Invoker.invokeTestMethod(Invoker.java:901)
  org.testng.internal.Invoker.invokeTestMethods(Invoker.java:1231)
  org.testng.internal.TestMethodWorker.invokeTestMethods(TestMethodWorker.java:127)
  org.testng.internal.TestMethodWorker.run(TestMethodWorker.java:111)
  org.testng.TestRunner.privateRun(TestRunner.java:767)
  org.testng.TestRunner.run(TestRunner.java:617)
  org.testng.SuiteRunner.runTest(SuiteRunner.java:334)
  org.testng.SuiteRunner.access$000(SuiteRunner.java:37)
  org.testng.SuiteRunner$SuiteWorker.run(SuiteRunner.java:368)
  org.testng.internal.thread.ThreadUtil$2.call(ThreadUtil.java:64)
  java.util.concurrent.FutureTask.run(FutureTask.java:266)
  java.util.concurrent.ThreadPoolExecutor.runWorker(ThreadPoolExecutor.java:1149)
  java.util.concurrent.ThreadPoolExecutor$Worker.run(ThreadPoolExecutor.java:624)
  java.lang.Thread.run(Thread.java:748)
]]>
      </failure>

          </testcase>
            <testcase name="VerifyAllLinks" time="0,578" classname="VerifyLinks">
                <failure type="java.lang.AssertionError"
                  message="Ссылка не работоспособна.Not Found expected [true] but found [false]"
              >
<![CDATA[java.lang.AssertionError: Ссылка не работоспособна.Not Found expected [true] but found [false]
  org.testng.Assert.fail(Assert.java:94)
  org.testng.Assert.failNotEquals(Assert.java:494)
  org.testng.Assert.assertTrue(Assert.java:42)
  VerifyLinks.VerifyAllLinks(VerifyLinks.java:79)
  sun.reflect.GeneratedMethodAccessor1.invoke(Unknown Source)
  sun.reflect.DelegatingMethodAccessorImpl.invoke(DelegatingMethodAccessorImpl.java:43)
  java.lang.reflect.Method.invoke(Method.java:498)
  org.testng.internal.MethodInvocationHelper.invokeMethod(MethodInvocationHelper.java:80)
  org.testng.internal.Invoker.invokeMethod(Invoker.java:714)
  org.testng.internal.Invoker.invokeTestMethod(Invoker.java:901)
  org.testng.internal.Invoker.invokeTestMethods(Invoker.java:1231)
  org.testng.internal.TestMethodWorker.invokeTestMethods(TestMethodWorker.java:127)
  org.testng.internal.TestMethodWorker.run(TestMethodWorker.java:111)
  org.testng.TestRunner.privateRun(TestRunner.java:767)
  org.testng.TestRunner.run(TestRunner.java:617)
  org.testng.SuiteRunner.runTest(SuiteRunner.java:334)
  org.testng.SuiteRunner.access$000(SuiteRunner.java:37)
  org.testng.SuiteRunner$SuiteWorker.run(SuiteRunner.java:368)
  org.testng.internal.thread.ThreadUtil$2.call(ThreadUtil.java:64)
  java.util.concurrent.FutureTask.run(FutureTask.java:266)
  java.util.concurrent.ThreadPoolExecutor.runWorker(ThreadPoolExecutor.java:1149)
  java.util.concurrent.ThreadPoolExecutor$Worker.run(ThreadPoolExecutor.java:624)
  java.lang.Thread.run(Thread.java:748)
]]>
      </failure>

          </testcase>
            <testcase name="VerifyAllLinks" time="0,144" classname="VerifyLinks">
                <failure type="java.lang.AssertionError"
                  message="Ссылка не работоспособна.Moved Permanently expected [true] but found [false]"
              >
<![CDATA[java.lang.AssertionError: Ссылка не работоспособна.Moved Permanently expected [true] but found [false]
  org.testng.Assert.fail(Assert.java:94)
  org.testng.Assert.failNotEquals(Assert.java:494)
  org.testng.Assert.assertTrue(Assert.java:42)
  VerifyLinks.VerifyAllLinks(VerifyLinks.java:79)
  sun.reflect.GeneratedMethodAccessor1.invoke(Unknown Source)
  sun.reflect.DelegatingMethodAccessorImpl.invoke(DelegatingMethodAccessorImpl.java:43)
  java.lang.reflect.Method.invoke(Method.java:498)
  org.testng.internal.MethodInvocationHelper.invokeMethod(MethodInvocationHelper.java:80)
  org.testng.internal.Invoker.invokeMethod(Invoker.java:714)
  org.testng.internal.Invoker.invokeTestMethod(Invoker.java:901)
  org.testng.internal.Invoker.invokeTestMethods(Invoker.java:1231)
  org.testng.internal.TestMethodWorker.invokeTestMethods(TestMethodWorker.java:127)
  org.testng.internal.TestMethodWorker.run(TestMethodWorker.java:111)
  org.testng.TestRunner.privateRun(TestRunner.java:767)
  org.testng.TestRunner.run(TestRunner.java:617)
  org.testng.SuiteRunner.runTest(SuiteRunner.java:334)
  org.testng.SuiteRunner.access$000(SuiteRunner.java:37)
  org.testng.SuiteRunner$SuiteWorker.run(SuiteRunner.java:368)
  org.testng.internal.thread.ThreadUtil$2.call(ThreadUtil.java:64)
  java.util.concurrent.FutureTask.run(FutureTask.java:266)
  java.util.concurrent.ThreadPoolExecutor.runWorker(ThreadPoolExecutor.java:1149)
  java.util.concurrent.ThreadPoolExecutor$Worker.run(ThreadPoolExecutor.java:624)
  java.lang.Thread.run(Thread.java:748)
]]>
      </failure>

          </testcase>
  
  
            <testcase name="VerifyAllLinks" time="0,304" classname="VerifyLinks" />
                <testcase name="VerifyAllLinks" time="0,265" classname="VerifyLinks" />
                <testcase name="VerifyAllLinks" time="0,274" classname="VerifyLinks" />
                <testcase name="VerifyAllLinks" time="0,290" classname="VerifyLinks" />
                <testcase name="VerifyAllLinks" time="0,290" classname="VerifyLinks" />
                <testcase name="VerifyAllLinks" time="0,238" classname="VerifyLinks" />
                <testcase name="VerifyAllLinks" time="0,249" classname="VerifyLinks" />
                <testcase name="VerifyAllLinks" time="0,423" classname="VerifyLinks" />
                <testcase name="VerifyAllLinks" time="0,218" classname="VerifyLinks" />
                <testcase name="VerifyAllLinks" time="0,252" classname="VerifyLinks" />
                <testcase name="VerifyAllLinks" time="0,236" classname="VerifyLinks" />
                <testcase name="VerifyAllLinks" time="0,306" classname="VerifyLinks" />
                <testcase name="VerifyAllLinks" time="0,241" classname="VerifyLinks" />
                <testcase name="VerifyAllLinks" time="0,295" classname="VerifyLinks" />
                <testcase name="VerifyAllLinks" time="0,321" classname="VerifyLinks" />
                <testcase name="VerifyAllLinks" time="0,287" classname="VerifyLinks" />
                <testcase name="VerifyAllLinks" time="0,238" classname="VerifyLinks" />
                <testcase name="VerifyAllLinks" time="0,240" classname="VerifyLinks" />
                <testcase name="VerifyAllLinks" time="0,253" classname="VerifyLinks" />
                <testcase name="VerifyAllLinks" time="0,291" classname="VerifyLinks" />
                <testcase name="VerifyAllLinks" time="0,734" classname="VerifyLinks" />
                <testcase name="VerifyAllLinks" time="0,252" classname="VerifyLinks" />
                <testcase name="VerifyAllLinks" time="0,264" classname="VerifyLinks" />
                <testcase name="VerifyAllLinks" time="0,319" classname="VerifyLinks" />
                <testcase name="VerifyAllLinks" time="0,293" classname="VerifyLinks" />
                <testcase name="VerifyAllLinks" time="0,276" classname="VerifyLinks" />
                <testcase name="VerifyAllLinks" time="0,298" classname="VerifyLinks" />
                <testcase name="VerifyAllLinks" time="0,255" classname="VerifyLinks" />
                <testcase name="VerifyAllLinks" time="0,238" classname="VerifyLinks" />
                <testcase name="VerifyAllLinks" time="0,243" classname="VerifyLinks" />
                <testcase name="VerifyAllLinks" time="0,285" classname="VerifyLinks" />
                <testcase name="VerifyAllLinks" time="0,611" classname="VerifyLinks" />
                <testcase name="VerifyAllLinks" time="0,299" classname="VerifyLinks" />
                <testcase name="VerifyAllLinks" time="0,289" classname="VerifyLinks" />
                <testcase name="VerifyAllLinks" time="0,572" classname="VerifyLinks" />
                <testcase name="VerifyAllLinks" time="0,457" classname="VerifyLinks" />
                <testcase name="VerifyAllLinks" time="0,303" classname="VerifyLinks" />
                <testcase name="VerifyAllLinks" time="0,267" classname="VerifyLinks" />
                <testcase name="VerifyAllLinks" time="0,316" classname="VerifyLinks" />
                <testcase name="VerifyAllLinks" time="0,260" classname="VerifyLinks" />
                <testcase name="VerifyAllLinks" time="0,242" classname="VerifyLinks" />
                <testcase name="VerifyAllLinks" time="0,257" classname="VerifyLinks" />
                <testcase name="VerifyAllLinks" time="0,302" classname="VerifyLinks" />
                <testcase name="VerifyAllLinks" time="0,241" classname="VerifyLinks" />
                <testcase name="VerifyAllLinks" time="0,301" classname="VerifyLinks" />
                <testcase name="VerifyAllLinks" time="0,282" classname="VerifyLinks" />
                <testcase name="VerifyAllLinks" time="0,233" classname="VerifyLinks" />
                <testcase name="VerifyAllLinks" time="0,241" classname="VerifyLinks" />
                <testcase name="VerifyAllLinks" time="0,242" classname="VerifyLinks" />
                <testcase name="VerifyAllLinks" time="0,289" classname="VerifyLinks" />
                <testcase name="VerifyAllLinks" time="0,273" classname="VerifyLinks" />
                <testcase name="VerifyAllLinks" time="0,290" classname="VerifyLinks" />
                <testcase name="VerifyAllLinks" time="0,377" classname="VerifyLinks" />
                <testcase name="VerifyAllLinks" time="0,303" classname="VerifyLinks" />
                <testcase name="VerifyAllLinks" time="0,222" classname="VerifyLinks" />
                <testcase name="VerifyAllLinks" time="0,283" classname="VerifyLinks" />
                <testcase name="VerifyAllLinks" time="0,271" classname="VerifyLinks" />
                <testcase name="VerifyAllLinks" time="0,259" classname="VerifyLinks" />
                <testcase name="VerifyAllLinks" time="0,270" classname="VerifyLinks" />
                <testcase name="VerifyAllLinks" time="0,272" classname="VerifyLinks" />
                <testcase name="VerifyAllLinks" time="0,236" classname="VerifyLinks" />
                <testcase name="VerifyAllLinks" time="0,258" classname="VerifyLinks" />
                <testcase name="VerifyAllLinks" time="0,267" classname="VerifyLinks" />
                <testcase name="VerifyAllLinks" time="0,270" classname="VerifyLinks" />
                <testcase name="VerifyAllLinks" time="0,269" classname="VerifyLinks" />
                <testcase name="VerifyAllLinks" time="0,268" classname="VerifyLinks" />
                <testcase name="VerifyAllLinks" time="0,301" classname="VerifyLinks" />
                <testcase name="VerifyAllLinks" time="0,275" classname="VerifyLinks" />
                <testcase name="VerifyAllLinks" time="0,270" classname="VerifyLinks" />
                <testcase name="VerifyAllLinks" time="0,250" classname="VerifyLinks" />
                <testcase name="VerifyAllLinks" time="0,255" classname="VerifyLinks" />
                <testcase name="VerifyAllLinks" time="0,406" classname="VerifyLinks" />
                <testcase name="VerifyAllLinks" time="0,247" classname="VerifyLinks" />
                <testcase name="VerifyAllLinks" time="0,257" classname="VerifyLinks" />
                <testcase name="VerifyAllLinks" time="0,261" classname="VerifyLinks" />
                <testcase name="VerifyAllLinks" time="0,255" classname="VerifyLinks" />
                <testcase name="VerifyAllLinks" time="0,298" classname="VerifyLinks" />
                <testcase name="VerifyAllLinks" time="0,241" classname="VerifyLinks" />
                <testcase name="VerifyAllLinks" time="0,284" classname="VerifyLinks" />
                <testcase name="VerifyAllLinks" time="0,263" classname="VerifyLinks" />
                <testcase name="VerifyAllLinks" time="0,301" classname="VerifyLinks" />
                <testcase name="VerifyAllLinks" time="0,417" classname="VerifyLinks" />
                <testcase name="VerifyAllLinks" time="0,292" classname="VerifyLinks" />
                <testcase name="VerifyAllLinks" time="0,363" classname="VerifyLinks" />
                <testcase name="VerifyAllLinks" time="0,273" classname="VerifyLinks" />
                <testcase name="VerifyAllLinks" time="0,231" classname="VerifyLinks" />
                <testcase name="VerifyAllLinks" time="0,274" classname="VerifyLinks" />
                <testcase name="VerifyAllLinks" time="0,955" classname="VerifyLinks" />
                <testcase name="VerifyAllLinks" time="0,001" classname="VerifyLinks" />
                <testcase name="VerifyAllLinks" time="0,283" classname="VerifyLinks" />
                <testcase name="VerifyAllLinks" time="0,288" classname="VerifyLinks" />
                <testcase name="VerifyAllLinks" time="0,301" classname="VerifyLinks" />
                <testcase name="VerifyAllLinks" time="0,277" classname="VerifyLinks" />
                <testcase name="VerifyAllLinks" time="0,282" classname="VerifyLinks" />
                <testcase name="VerifyAllLinks" time="0,320" classname="VerifyLinks" />
                <testcase name="VerifyAllLinks" time="0,344" classname="VerifyLinks" />
                <testcase name="VerifyAllLinks" time="0,249" classname="VerifyLinks" />
                <testcase name="VerifyAllLinks" time="0,275" classname="VerifyLinks" />
                <testcase name="VerifyAllLinks" time="0,279" classname="VerifyLinks" />
                <testcase name="VerifyAllLinks" time="0,315" classname="VerifyLinks" />
                <testcase name="VerifyAllLinks" time="0,228" classname="VerifyLinks" />
                <testcase name="VerifyAllLinks" time="0,301" classname="VerifyLinks" />
                <testcase name="VerifyAllLinks" time="0,393" classname="VerifyLinks" />
                <testcase name="VerifyAllLinks" time="0,255" classname="VerifyLinks" />
                <testcase name="VerifyAllLinks" time="0,263" classname="VerifyLinks" />
                <testcase name="VerifyAllLinks" time="0,247" classname="VerifyLinks" />
                <testcase name="VerifyAllLinks" time="0,299" classname="VerifyLinks" />
                <testcase name="VerifyAllLinks" time="0,250" classname="VerifyLinks" />
                <testcase name="VerifyAllLinks" time="0,279" classname="VerifyLinks" />
                <testcase name="VerifyAllLinks" time="0,294" classname="VerifyLinks" />
                <testcase name="VerifyAllLinks" time="0,262" classname="VerifyLinks" />
                <testcase name="VerifyAllLinks" time="0,345" classname="VerifyLinks" />
                <testcase name="VerifyAllLinks" time="0,274" classname="VerifyLinks" />
                <testcase name="VerifyAllLinks" time="0,280" classname="VerifyLinks" />
                <testcase name="VerifyAllLinks" time="0,284" classname="VerifyLinks" />
                <testcase name="VerifyAllLinks" time="0,458" classname="VerifyLinks" />
                <testcase name="VerifyAllLinks" time="0,279" classname="VerifyLinks" />
                <testcase name="VerifyAllLinks" time="0,220" classname="VerifyLinks" />
                <testcase name="VerifyAllLinks" time="0,253" classname="VerifyLinks" />
                <testcase name="VerifyAllLinks" time="0,257" classname="VerifyLinks" />
                <testcase name="VerifyAllLinks" time="0,277" classname="VerifyLinks" />
                <testcase name="VerifyAllLinks" time="0,259" classname="VerifyLinks" />
                <testcase name="VerifyAllLinks" time="0,339" classname="VerifyLinks" />
                <testcase name="VerifyAllLinks" time="0,240" classname="VerifyLinks" />
                <testcase name="VerifyAllLinks" time="0,246" classname="VerifyLinks" />
                <testcase name="VerifyAllLinks" time="0,312" classname="VerifyLinks" />
                <testcase name="VerifyAllLinks" time="0,537" classname="VerifyLinks" />
                <testcase name="VerifyAllLinks" time="0,262" classname="VerifyLinks" />
                <testcase name="VerifyAllLinks" time="0,255" classname="VerifyLinks" />
                <testcase name="VerifyAllLinks" time="0,307" classname="VerifyLinks" />
                <testcase name="VerifyAllLinks" time="0,275" classname="VerifyLinks" />
                <testcase name="VerifyAllLinks" time="0,486" classname="VerifyLinks" />
                <testcase name="VerifyAllLinks" time="0,227" classname="VerifyLinks" />
                <testcase name="VerifyAllLinks" time="0,282" classname="VerifyLinks" />
                <testcase name="VerifyAllLinks" time="0,479" classname="VerifyLinks" />
                <testcase name="VerifyAllLinks" time="0,248" classname="VerifyLinks" />
                <testcase name="VerifyAllLinks" time="0,325" classname="VerifyLinks" />
                <testcase name="VerifyAllLinks" time="0,225" classname="VerifyLinks" />
                <testcase name="VerifyAllLinks" time="0,274" classname="VerifyLinks" />
                <testcase name="VerifyAllLinks" time="0,929" classname="VerifyLinks" />
                <testcase name="VerifyAllLinks" time="0,233" classname="VerifyLinks" />
                <testcase name="VerifyAllLinks" time="0,267" classname="VerifyLinks" />
                <testcase name="VerifyAllLinks" time="0,272" classname="VerifyLinks" />
                <testcase name="VerifyAllLinks" time="0,250" classname="VerifyLinks" />
                <testcase name="VerifyAllLinks" time="0,303" classname="VerifyLinks" />
                <testcase name="VerifyAllLinks" time="0,253" classname="VerifyLinks" />
                <testcase name="VerifyAllLinks" time="0,279" classname="VerifyLinks" />
                <testcase name="VerifyAllLinks" time="0,303" classname="VerifyLinks" />
                <testcase name="VerifyAllLinks" time="0,239" classname="VerifyLinks" />
                <testcase name="VerifyAllLinks" time="0,282" classname="VerifyLinks" />
                <testcase name="VerifyAllLinks" time="0,304" classname="VerifyLinks" />
                <testcase name="VerifyAllLinks" time="0,337" classname="VerifyLinks" />
                <testcase name="VerifyAllLinks" time="0,235" classname="VerifyLinks" />
                <testcase name="VerifyAllLinks" time="0,248" classname="VerifyLinks" />
                <testcase name="VerifyAllLinks" time="0,715" classname="VerifyLinks" />
                <testcase name="VerifyAllLinks" time="0,263" classname="VerifyLinks" />
                <testcase name="VerifyAllLinks" time="0,276" classname="VerifyLinks" />
                <testcase name="VerifyAllLinks" time="0,257" classname="VerifyLinks" />
                <testcase name="VerifyAllLinks" time="0,317" classname="VerifyLinks" />
                <testcase name="VerifyAllLinks" time="0,348" classname="VerifyLinks" />
                <testcase name="VerifyAllLinks" time="0,266" classname="VerifyLinks" />
                <testcase name="VerifyAllLinks" time="0,241" classname="VerifyLinks" />
                <testcase name="VerifyAllLinks" time="0,228" classname="VerifyLinks" />
                <testcase name="VerifyAllLinks" time="0,256" classname="VerifyLinks" />
                <testcase name="VerifyAllLinks" time="1,092" classname="VerifyLinks" />
                <testcase name="VerifyAllLinks" time="0,259" classname="VerifyLinks" />
                <testcase name="VerifyAllLinks" time="0,315" classname="VerifyLinks" />
                <testcase name="VerifyAllLinks" time="0,275" classname="VerifyLinks" />
                <testcase name="VerifyAllLinks" time="0,295" classname="VerifyLinks" />
                <testcase name="VerifyAllLinks" time="0,232" classname="VerifyLinks" />
                <testcase name="VerifyAllLinks" time="0,316" classname="VerifyLinks" />
                <testcase name="VerifyAllLinks" time="0,309" classname="VerifyLinks" />
                <testcase name="VerifyAllLinks" time="0,302" classname="VerifyLinks" />
                <testcase name="VerifyAllLinks" time="0,269" classname="VerifyLinks" />
                <testcase name="VerifyAllLinks" time="0,302" classname="VerifyLinks" />
                <testcase name="VerifyAllLinks" time="0,317" classname="VerifyLinks" />
                <testcase name="VerifyAllLinks" time="0,286" classname="VerifyLinks" />
                <testcase name="VerifyAllLinks" time="0,282" classname="VerifyLinks" />
                <testcase name="VerifyAllLinks" time="0,245" classname="VerifyLinks" />
                <testcase name="VerifyAllLinks" time="0,266" classname="VerifyLinks" />
                <testcase name="VerifyAllLinks" time="0,252" classname="VerifyLinks" />
                <testcase name="VerifyAllLinks" time="0,249" classname="VerifyLinks" />
                <testcase name="VerifyAllLinks" time="0,506" classname="VerifyLinks" />
                <testcase name="VerifyAllLinks" time="0,293" classname="VerifyLinks" />
                <testcase name="VerifyAllLinks" time="0,274" classname="VerifyLinks" />
                <testcase name="VerifyAllLinks" time="0,236" classname="VerifyLinks" />
                <testcase name="VerifyAllLinks" time="0,299" classname="VerifyLinks" />
                <testcase name="VerifyAllLinks" time="0,272" classname="VerifyLinks" />
                <testcase name="VerifyAllLinks" time="0,277" classname="VerifyLinks" />
                <testcase name="VerifyAllLinks" time="0,220" classname="VerifyLinks" />
                <testcase name="VerifyAllLinks" time="0,275" classname="VerifyLinks" />
                <testcase name="VerifyAllLinks" time="0,263" classname="VerifyLinks" />
                <testcase name="VerifyAllLinks" time="0,265" classname="VerifyLinks" />
                <testcase name="VerifyAllLinks" time="0,454" classname="VerifyLinks" />
                <testcase name="VerifyAllLinks" time="0,294" classname="VerifyLinks" />
                <testcase name="VerifyAllLinks" time="0,308" classname="VerifyLinks" />
                <testcase name="VerifyAllLinks" time="0,250" classname="VerifyLinks" />
                <testcase name="VerifyAllLinks" time="0,293" classname="VerifyLinks" />
                <testcase name="VerifyAllLinks" time="0,273" classname="VerifyLinks" />
                <testcase name="VerifyAllLinks" time="0,290" classname="VerifyLinks" />
                <testcase name="VerifyAllLinks" time="0,365" classname="VerifyLinks" />
                <testcase name="VerifyAllLinks" time="0,244" classname="VerifyLinks" />
                <testcase name="VerifyAllLinks" time="0,261" classname="VerifyLinks" />
                <testcase name="VerifyAllLinks" time="0,297" classname="VerifyLinks" />
                <testcase name="VerifyAllLinks" time="0,308" classname="VerifyLinks" />
                <testcase name="VerifyAllLinks" time="0,282" classname="VerifyLinks" />
                <testcase name="VerifyAllLinks" time="0,657" classname="VerifyLinks" />
                <testcase name="VerifyAllLinks" time="0,246" classname="VerifyLinks" />
                <testcase name="VerifyAllLinks" time="0,559" classname="VerifyLinks" />
                <testcase name="VerifyAllLinks" time="0,260" classname="VerifyLinks" />
                <testcase name="VerifyAllLinks" time="0,259" classname="VerifyLinks" />
                <testcase name="VerifyAllLinks" time="0,261" classname="VerifyLinks" />
                <testcase name="VerifyAllLinks" time="0,250" classname="VerifyLinks" />
                <testcase name="VerifyAllLinks" time="0,291" classname="VerifyLinks" />
                <testcase name="VerifyAllLinks" time="0,276" classname="VerifyLinks" />
                <testcase name="VerifyAllLinks" time="0,675" classname="VerifyLinks" />
                <testcase name="VerifyAllLinks" time="0,567" classname="VerifyLinks" />
                <testcase name="VerifyAllLinks" time="0,266" classname="VerifyLinks" />
                <testcase name="VerifyAllLinks" time="0,241" classname="VerifyLinks" />
                <testcase name="VerifyAllLinks" time="0,277" classname="VerifyLinks" />
                <testcase name="VerifyAllLinks" time="0,369" classname="VerifyLinks" />
                <testcase name="VerifyAllLinks" time="0,258" classname="VerifyLinks" />
                <testcase name="VerifyAllLinks" time="0,274" classname="VerifyLinks" />
                <testcase name="VerifyAllLinks" time="0,295" classname="VerifyLinks" />
                <testcase name="VerifyAllLinks" time="0,268" classname="VerifyLinks" />
                <testcase name="VerifyAllLinks" time="0,288" classname="VerifyLinks" />
                <testcase name="VerifyAllLinks" time="0,275" classname="VerifyLinks" />
                <testcase name="VerifyAllLinks" time="0,259" classname="VerifyLinks" />
                <testcase name="VerifyAllLinks" time="0,321" classname="VerifyLinks" />
                <testcase name="VerifyAllLinks" time="0,244" classname="VerifyLinks" />
                <testcase name="VerifyAllLinks" time="0,255" classname="VerifyLinks" />
                <testcase name="VerifyAllLinks" time="0,307" classname="VerifyLinks" />
                <testcase name="VerifyAllLinks" time="0,429" classname="VerifyLinks" />
                <testcase name="VerifyAllLinks" time="0,235" classname="VerifyLinks" />
                <testcase name="VerifyAllLinks" time="0,296" classname="VerifyLinks" />
                <testcase name="VerifyAllLinks" time="0,000" classname="VerifyLinks" />
                <testcase name="VerifyAllLinks" time="0,269" classname="VerifyLinks" />
                <testcase name="VerifyAllLinks" time="0,410" classname="VerifyLinks" />
                <testcase name="VerifyAllLinks" time="0,228" classname="VerifyLinks" />
                <testcase name="VerifyAllLinks" time="0,255" classname="VerifyLinks" />
                <testcase name="VerifyAllLinks" time="0,293" classname="VerifyLinks" />
                <testcase name="VerifyAllLinks" time="0,272" classname="VerifyLinks" />
                <testcase name="VerifyAllLinks" time="0,313" classname="VerifyLinks" />
                <testcase name="VerifyAllLinks" time="0,273" classname="VerifyLinks" />
                <testcase name="VerifyAllLinks" time="0,280" classname="VerifyLinks" />
                <testcase name="VerifyAllLinks" time="0,256" classname="VerifyLinks" />
                <testcase name="VerifyAllLinks" time="0,280" classname="VerifyLinks" />
                <testcase name="VerifyAllLinks" time="0,255" classname="VerifyLinks" />
                <testcase name="VerifyAllLinks" time="0,287" classname="VerifyLinks" />
                <testcase name="VerifyAllLinks" time="0,433" classname="VerifyLinks" />
                <testcase name="VerifyAllLinks" time="0,306" classname="VerifyLinks" />
                <testcase name="VerifyAllLinks" time="0,002" classname="VerifyLinks" />
                <testcase name="VerifyAllLinks" time="0,258" classname="VerifyLinks" />
                <testcase name="VerifyAllLinks" time="0,257" classname="VerifyLinks" />
                <testcase name="VerifyAllLinks" time="0,274" classname="VerifyLinks" />
                <testcase name="VerifyAllLinks" time="0,457" classname="VerifyLinks" />
                <testcase name="VerifyAllLinks" time="0,294" classname="VerifyLinks" />
                <testcase name="VerifyAllLinks" time="0,292" classname="VerifyLinks" />
                <testcase name="VerifyAllLinks" time="0,315" classname="VerifyLinks" />
                <testcase name="VerifyAllLinks" time="0,282" classname="VerifyLinks" />
                <testcase name="VerifyAllLinks" time="0,248" classname="VerifyLinks" />
                <testcase name="VerifyAllLinks" time="0,273" classname="VerifyLinks" />
                <testcase name="VerifyAllLinks" time="0,277" classname="VerifyLinks" />
                <testcase name="VerifyAllLinks" time="0,284" classname="VerifyLinks" />
                <testcase name="VerifyAllLinks" time="0,269" classname="VerifyLinks" />
                <testcase name="VerifyAllLinks" time="0,270" classname="VerifyLinks" />
                <testcase name="VerifyAllLinks" time="0,379" classname="VerifyLinks" />
                <testcase name="VerifyAllLinks" time="0,617" classname="VerifyLinks" />
                <testcase name="VerifyAllLinks" time="0,250" classname="VerifyLinks" />
                <testcase name="VerifyAllLinks" time="0,399" classname="VerifyLinks" />
                <testcase name="VerifyAllLinks" time="0,265" classname="VerifyLinks" />
                <testcase name="VerifyAllLinks" time="0,515" classname="VerifyLinks" />
                <testcase name="VerifyAllLinks" time="0,244" classname="VerifyLinks" />
                <testcase name="VerifyAllLinks" time="0,247" classname="VerifyLinks" />
                <testcase name="VerifyAllLinks" time="0,291" classname="VerifyLinks" />
                <testcase name="VerifyAllLinks" time="0,260" classname="VerifyLinks" />
                <testcase name="VerifyAllLinks" time="0,214" classname="VerifyLinks" />
                <testcase name="VerifyAllLinks" time="0,291" classname="VerifyLinks" />
                <testcase name="VerifyAllLinks" time="0,403" classname="VerifyLinks" />
                <testcase name="VerifyAllLinks" time="0,334" classname="VerifyLinks" />
                <testcase name="VerifyAllLinks" time="0,773" classname="VerifyLinks" />
                <testcase name="VerifyAllLinks" time="0,928" classname="VerifyLinks" />
                <testcase name="VerifyAllLinks" time="0,236" classname="VerifyLinks" />
                <testcase name="VerifyAllLinks" time="0,305" classname="VerifyLinks" />
                <testcase name="VerifyAllLinks" time="0,268" classname="VerifyLinks" />
                <testcase name="VerifyAllLinks" time="0,421" classname="VerifyLinks" />
                <testcase name="VerifyAllLinks" time="0,223" classname="VerifyLinks" />
                <testcase name="VerifyAllLinks" time="0,298" classname="VerifyLinks" />
                <testcase name="VerifyAllLinks" time="0,262" classname="VerifyLinks" />
                <testcase name="VerifyAllLinks" time="0,298" classname="VerifyLinks" />
                <testcase name="VerifyAllLinks" time="0,228" classname="VerifyLinks" />
                <testcase name="VerifyAllLinks" time="0,696" classname="VerifyLinks" />
                <testcase name="VerifyAllLinks" time="0,269" classname="VerifyLinks" />
                <testcase name="VerifyAllLinks" time="0,304" classname="VerifyLinks" />
                <testcase name="VerifyAllLinks" time="0,253" classname="VerifyLinks" />
                <testcase name="VerifyAllLinks" time="0,303" classname="VerifyLinks" />
                <testcase name="VerifyAllLinks" time="0,265" classname="VerifyLinks" />
                <testcase name="VerifyAllLinks" time="0,274" classname="VerifyLinks" />
                <testcase name="VerifyAllLinks" time="0,288" classname="VerifyLinks" />
                <testcase name="VerifyAllLinks" time="0,274" classname="VerifyLinks" />
                <testcase name="VerifyAllLinks" time="0,408" classname="VerifyLinks" />
                <testcase name="VerifyAllLinks" time="0,383" classname="VerifyLinks" />
                <testcase name="VerifyAllLinks" time="0,314" classname="VerifyLinks" />
                <testcase name="VerifyAllLinks" time="0,291" classname="VerifyLinks" />
                <testcase name="VerifyAllLinks" time="0,709" classname="VerifyLinks" />
                <testcase name="VerifyAllLinks" time="0,320" classname="VerifyLinks" />
                <testcase name="VerifyAllLinks" time="0,871" classname="VerifyLinks" />
                <testcase name="VerifyAllLinks" time="0,255" classname="VerifyLinks" />
                <testcase name="VerifyAllLinks" time="0,288" classname="VerifyLinks" />
                <testcase name="VerifyAllLinks" time="0,248" classname="VerifyLinks" />
                <testcase name="VerifyAllLinks" time="0,240" classname="VerifyLinks" />
                <testcase name="VerifyAllLinks" time="0,294" classname="VerifyLinks" />
                <testcase name="VerifyAllLinks" time="0,244" classname="VerifyLinks" />
                <testcase name="VerifyAllLinks" time="0,691" classname="VerifyLinks" />
                <testcase name="VerifyAllLinks" time="0,246" classname="VerifyLinks" />
                <testcase name="VerifyAllLinks" time="1,010" classname="VerifyLinks" />
                <testcase name="VerifyAllLinks" time="0,241" classname="VerifyLinks" />
                <testcase name="VerifyAllLinks" time="0,267" classname="VerifyLinks" />
                <testcase name="VerifyAllLinks" time="0,250" classname="VerifyLinks" />
                <testcase name="VerifyAllLinks" time="0,247" classname="VerifyLinks" />
                <testcase name="VerifyAllLinks" time="0,268" classname="VerifyLinks" />
                <testcase name="VerifyAllLinks" time="0,304" classname="VerifyLinks" />
                <testcase name="VerifyAllLinks" time="0,304" classname="VerifyLinks" />
                <testcase name="VerifyAllLinks" time="0,258" classname="VerifyLinks" />
                <testcase name="VerifyAllLinks" time="0,283" classname="VerifyLinks" />
                <testcase name="VerifyAllLinks" time="0,236" classname="VerifyLinks" />
                <testcase name="VerifyAllLinks" time="0,307" classname="VerifyLinks" />
                <testcase name="VerifyAllLinks" time="0,273" classname="VerifyLinks" />
                <testcase name="VerifyAllLinks" time="0,229" classname="VerifyLinks" />
                <testcase name="VerifyAllLinks" time="0,340" classname="VerifyLinks" />
                <testcase name="VerifyAllLinks" time="0,237" classname="VerifyLinks" />
                <testcase name="VerifyAllLinks" time="0,302" classname="VerifyLinks" />
                <testcase name="VerifyAllLinks" time="0,502" classname="VerifyLinks" />
                <testcase name="VerifyAllLinks" time="0,270" classname="VerifyLinks" />
                <testcase name="VerifyAllLinks" time="0,237" classname="VerifyLinks" />
                <testcase name="VerifyAllLinks" time="0,269" classname="VerifyLinks" />
                <testcase name="VerifyAllLinks" time="0,284" classname="VerifyLinks" />
                <testcase name="VerifyAllLinks" time="0,303" classname="VerifyLinks" />
                <testcase name="VerifyAllLinks" time="0,495" classname="VerifyLinks" />
                <testcase name="VerifyAllLinks" time="0,267" classname="VerifyLinks" />
                <testcase name="VerifyAllLinks" time="0,405" classname="VerifyLinks" />
                <testcase name="VerifyAllLinks" time="0,010" classname="VerifyLinks" />
                <testcase name="VerifyAllLinks" time="0,298" classname="VerifyLinks" />
                <testcase name="VerifyAllLinks" time="0,304" classname="VerifyLinks" />
                <testcase name="VerifyAllLinks" time="0,256" classname="VerifyLinks" />
                <testcase name="VerifyAllLinks" time="0,285" classname="VerifyLinks" />
                <testcase name="VerifyAllLinks" time="0,235" classname="VerifyLinks" />
                <testcase name="VerifyAllLinks" time="0,268" classname="VerifyLinks" />
                <testcase name="VerifyAllLinks" time="0,224" classname="VerifyLinks" />
                <testcase name="VerifyAllLinks" time="0,228" classname="VerifyLinks" />
                <testcase name="VerifyAllLinks" time="0,264" classname="VerifyLinks" />
                <testcase name="VerifyAllLinks" time="0,291" classname="VerifyLinks" />
                <testcase name="VerifyAllLinks" time="0,258" classname="VerifyLinks" />
                <testcase name="VerifyAllLinks" time="0,845" classname="VerifyLinks" />
                <testcase name="VerifyAllLinks" time="0,304" classname="VerifyLinks" />
                <testcase name="VerifyAllLinks" time="0,282" classname="VerifyLinks" />
                <testcase name="VerifyAllLinks" time="0,534" classname="VerifyLinks" />
                <testcase name="VerifyAllLinks" time="0,766" classname="VerifyLinks" />
                <testcase name="VerifyAllLinks" time="0,843" classname="VerifyLinks" />
                <testcase name="VerifyAllLinks" time="0,288" classname="VerifyLinks" />
                <testcase name="VerifyAllLinks" time="0,234" classname="VerifyLinks" />
                <testcase name="VerifyAllLinks" time="0,283" classname="VerifyLinks" />
                <testcase name="VerifyAllLinks" time="0,293" classname="VerifyLinks" />
                <testcase name="VerifyAllLinks" time="0,295" classname="VerifyLinks" />
                <testcase name="VerifyAllLinks" time="0,301" classname="VerifyLinks" />
                <testcase name="VerifyAllLinks" time="0,305" classname="VerifyLinks" />
                <testcase name="VerifyAllLinks" time="0,243" classname="VerifyLinks" />
                <testcase name="VerifyAllLinks" time="0,237" classname="VerifyLinks" />
                <testcase name="VerifyAllLinks" time="0,293" classname="VerifyLinks" />
                <testcase name="VerifyAllLinks" time="0,278" classname="VerifyLinks" />
                <testcase name="VerifyAllLinks" time="0,261" classname="VerifyLinks" />
                <testcase name="VerifyAllLinks" time="0,708" classname="VerifyLinks" />
                <testcase name="VerifyAllLinks" time="0,356" classname="VerifyLinks" />
                <testcase name="VerifyAllLinks" time="0,282" classname="VerifyLinks" />
                <testcase name="VerifyAllLinks" time="0,271" classname="VerifyLinks" />
                <testcase name="VerifyAllLinks" time="0,251" classname="VerifyLinks" />
                <testcase name="VerifyAllLinks" time="0,288" classname="VerifyLinks" />
                <testcase name="VerifyAllLinks" time="0,367" classname="VerifyLinks" />
                <testcase name="VerifyAllLinks" time="0,370" classname="VerifyLinks" />
                <testcase name="VerifyAllLinks" time="0,251" classname="VerifyLinks" />
                <testcase name="VerifyAllLinks" time="0,247" classname="VerifyLinks" />
                <testcase name="VerifyAllLinks" time="0,245" classname="VerifyLinks" />
                <testcase name="VerifyAllLinks" time="0,256" classname="VerifyLinks" />
                <testcase name="VerifyAllLinks" time="0,227" classname="VerifyLinks" />
                <testcase name="VerifyAllLinks" time="0,306" classname="VerifyLinks" />
                <testcase name="VerifyAllLinks" time="1,412" classname="VerifyLinks" />
                <testcase name="VerifyAllLinks" time="0,262" classname="VerifyLinks" />
                <testcase name="VerifyAllLinks" time="0,321" classname="VerifyLinks" />
                <testcase name="VerifyAllLinks" time="0,260" classname="VerifyLinks" />
                <testcase name="VerifyAllLinks" time="0,269" classname="VerifyLinks" />
                <testcase name="VerifyAllLinks" time="0,295" classname="VerifyLinks" />
                <testcase name="VerifyAllLinks" time="0,311" classname="VerifyLinks" />
                <testcase name="VerifyAllLinks" time="0,448" classname="VerifyLinks" />
                <testcase name="VerifyAllLinks" time="0,266" classname="VerifyLinks" />
                <testcase name="VerifyAllLinks" time="0,308" classname="VerifyLinks" />
                <testcase name="VerifyAllLinks" time="0,955" classname="VerifyLinks" />
                <testcase name="VerifyAllLinks" time="0,264" classname="VerifyLinks" />
                <testcase name="VerifyAllLinks" time="0,274" classname="VerifyLinks" />
                <testcase name="VerifyAllLinks" time="0,836" classname="VerifyLinks" />
                <testcase name="VerifyAllLinks" time="0,325" classname="VerifyLinks" />
                <testcase name="VerifyAllLinks" time="0,283" classname="VerifyLinks" />
                <testcase name="VerifyAllLinks" time="0,298" classname="VerifyLinks" />
                <testcase name="VerifyAllLinks" time="0,419" classname="VerifyLinks" />
                <testcase name="VerifyAllLinks" time="0,267" classname="VerifyLinks" />
                <testcase name="VerifyAllLinks" time="0,239" classname="VerifyLinks" />
                <testcase name="VerifyAllLinks" time="0,233" classname="VerifyLinks" />
                <testcase name="VerifyAllLinks" time="0,259" classname="VerifyLinks" />
                <testcase name="VerifyAllLinks" time="0,264" classname="VerifyLinks" />
                <testcase name="VerifyAllLinks" time="0,590" classname="VerifyLinks" />
                <testcase name="VerifyAllLinks" time="0,229" classname="VerifyLinks" />
                <testcase name="VerifyAllLinks" time="0,258" classname="VerifyLinks" />
                <testcase name="VerifyAllLinks" time="0,280" classname="VerifyLinks" />
                <testcase name="VerifyAllLinks" time="0,269" classname="VerifyLinks" />
                <testcase name="VerifyAllLinks" time="0,250" classname="VerifyLinks" />
                <testcase name="VerifyAllLinks" time="0,296" classname="VerifyLinks" />
                <testcase name="VerifyAllLinks" time="0,451" classname="VerifyLinks" />
                <testcase name="VerifyAllLinks" time="3,326" classname="VerifyLinks" />
                <testcase name="VerifyAllLinks" time="0,266" classname="VerifyLinks" />
                <testcase name="VerifyAllLinks" time="0,325" classname="VerifyLinks" />
                <testcase name="VerifyAllLinks" time="0,727" classname="VerifyLinks" />
                <testcase name="VerifyAllLinks" time="0,288" classname="VerifyLinks" />
                <testcase name="VerifyAllLinks" time="0,282" classname="VerifyLinks" />
                <testcase name="VerifyAllLinks" time="0,327" classname="VerifyLinks" />
                <testcase name="VerifyAllLinks" time="0,314" classname="VerifyLinks" />
                <testcase name="VerifyAllLinks" time="0,267" classname="VerifyLinks" />
                <testcase name="VerifyAllLinks" time="0,405" classname="VerifyLinks" />
                <testcase name="VerifyAllLinks" time="0,290" classname="VerifyLinks" />
                <testcase name="VerifyAllLinks" time="0,280" classname="VerifyLinks" />
                <testcase name="VerifyAllLinks" time="0,283" classname="VerifyLinks" />
                <testcase name="VerifyAllLinks" time="0,512" classname="VerifyLinks" />
                <testcase name="VerifyAllLinks" time="0,266" classname="VerifyLinks" />
                <testcase name="VerifyAllLinks" time="0,244" classname="VerifyLinks" />
                <testcase name="VerifyAllLinks" time="0,286" classname="VerifyLinks" />
                <testcase name="VerifyAllLinks" time="0,259" classname="VerifyLinks" />
                <testcase name="VerifyAllLinks" time="1,023" classname="VerifyLinks" />
                <testcase name="VerifyAllLinks" time="0,242" classname="VerifyLinks" />
                <testcase name="VerifyAllLinks" time="0,286" classname="VerifyLinks" />
                <testcase name="VerifyAllLinks" time="0,429" classname="VerifyLinks" />
                <testcase name="VerifyAllLinks" time="0,275" classname="VerifyLinks" />
                <testcase name="VerifyAllLinks" time="0,319" classname="VerifyLinks" />
                <testcase name="VerifyAllLinks" time="0,267" classname="VerifyLinks" />
                <testcase name="VerifyAllLinks" time="0,254" classname="VerifyLinks" />
                <testcase name="VerifyAllLinks" time="0,254" classname="VerifyLinks" />
                <testcase name="VerifyAllLinks" time="0,244" classname="VerifyLinks" />
                <testcase name="VerifyAllLinks" time="0,253" classname="VerifyLinks" />
                <testcase name="VerifyAllLinks" time="0,453" classname="VerifyLinks" />
                <testcase name="VerifyAllLinks" time="0,244" classname="VerifyLinks" />
                <testcase name="VerifyAllLinks" time="0,241" classname="VerifyLinks" />
                <testcase name="VerifyAllLinks" time="0,314" classname="VerifyLinks" />
                <testcase name="VerifyAllLinks" time="0,852" classname="VerifyLinks" />
                <testcase name="VerifyAllLinks" time="0,332" classname="VerifyLinks" />
                <testcase name="VerifyAllLinks" time="0,300" classname="VerifyLinks" />
                <testcase name="VerifyAllLinks" time="1,015" classname="VerifyLinks" />
                <testcase name="VerifyAllLinks" time="0,281" classname="VerifyLinks" />
                <testcase name="VerifyAllLinks" time="0,276" classname="VerifyLinks" />
                <testcase name="VerifyAllLinks" time="0,715" classname="VerifyLinks" />
                <testcase name="VerifyAllLinks" time="0,276" classname="VerifyLinks" />
                <testcase name="VerifyAllLinks" time="0,545" classname="VerifyLinks" />
                <testcase name="VerifyAllLinks" time="0,288" classname="VerifyLinks" />
                <testcase name="VerifyAllLinks" time="0,239" classname="VerifyLinks" />
                <testcase name="VerifyAllLinks" time="0,287" classname="VerifyLinks" />
                <testcase name="VerifyAllLinks" time="0,238" classname="VerifyLinks" />
                <testcase name="VerifyAllLinks" time="0,271" classname="VerifyLinks" />
                <testcase name="VerifyAllLinks" time="0,263" classname="VerifyLinks" />
                <testcase name="VerifyAllLinks" time="0,228" classname="VerifyLinks" />
                <testcase name="VerifyAllLinks" time="0,269" classname="VerifyLinks" />
                <testcase name="VerifyAllLinks" time="0,252" classname="VerifyLinks" />
                <testcase name="VerifyAllLinks" time="0,497" classname="VerifyLinks" />
                <testcase name="VerifyAllLinks" time="0,492" classname="VerifyLinks" />
                <testcase name="VerifyAllLinks" time="0,229" classname="VerifyLinks" />
                <testcase name="VerifyAllLinks" time="0,271" classname="VerifyLinks" />
                <testcase name="VerifyAllLinks" time="0,257" classname="VerifyLinks" />
                <testcase name="VerifyAllLinks" time="0,252" classname="VerifyLinks" />
                <testcase name="VerifyAllLinks" time="0,292" classname="VerifyLinks" />
                <testcase name="VerifyAllLinks" time="0,258" classname="VerifyLinks" />
                <testcase name="VerifyAllLinks" time="0,677" classname="VerifyLinks" />
                <testcase name="VerifyAllLinks" time="0,237" classname="VerifyLinks" />
                <testcase name="VerifyAllLinks" time="0,255" classname="VerifyLinks" />
                <testcase name="VerifyAllLinks" time="0,247" classname="VerifyLinks" />
                <testcase name="VerifyAllLinks" time="0,308" classname="VerifyLinks" />
                <testcase name="VerifyAllLinks" time="0,364" classname="VerifyLinks" />
                <testcase name="VerifyAllLinks" time="0,303" classname="VerifyLinks" />
                <testcase name="VerifyAllLinks" time="0,277" classname="VerifyLinks" />
                <testcase name="VerifyAllLinks" time="0,299" classname="VerifyLinks" />
                <testcase name="VerifyAllLinks" time="0,281" classname="VerifyLinks" />
                <testcase name="VerifyAllLinks" time="0,319" classname="VerifyLinks" />
                <testcase name="VerifyAllLinks" time="0,213" classname="VerifyLinks" />
                <testcase name="VerifyAllLinks" time="0,258" classname="VerifyLinks" />
                <testcase name="VerifyAllLinks" time="0,268" classname="VerifyLinks" />
                <testcase name="VerifyAllLinks" time="0,232" classname="VerifyLinks" />
                <testcase name="VerifyAllLinks" time="0,266" classname="VerifyLinks" />
                <testcase name="VerifyAllLinks" time="0,274" classname="VerifyLinks" />
                <testcase name="VerifyAllLinks" time="0,275" classname="VerifyLinks" />
                <testcase name="VerifyAllLinks" time="0,287" classname="VerifyLinks" />
                <testcase name="VerifyAllLinks" time="0,330" classname="VerifyLinks" />
                <testcase name="VerifyAllLinks" time="0,236" classname="VerifyLinks" />
                <testcase name="VerifyAllLinks" time="0,296" classname="VerifyLinks" />
                <testcase name="VerifyAllLinks" time="0,293" classname="VerifyLinks" />
                <testcase name="VerifyAllLinks" time="0,282" classname="VerifyLinks" />
                <testcase name="VerifyAllLinks" time="0,282" classname="VerifyLinks" />
                <testcase name="VerifyAllLinks" time="0,294" classname="VerifyLinks" />
                <testcase name="VerifyAllLinks" time="0,235" classname="VerifyLinks" />
                <testcase name="VerifyAllLinks" time="0,455" classname="VerifyLinks" />
                <testcase name="VerifyAllLinks" time="0,276" classname="VerifyLinks" />
                <testcase name="VerifyAllLinks" time="0,294" classname="VerifyLinks" />
                <testcase name="VerifyAllLinks" time="0,279" classname="VerifyLinks" />
                <testcase name="VerifyAllLinks" time="0,319" classname="VerifyLinks" />
                <testcase name="VerifyAllLinks" time="0,232" classname="VerifyLinks" />
                <testcase name="VerifyAllLinks" time="0,367" classname="VerifyLinks" />
                <testcase name="VerifyAllLinks" time="0,246" classname="VerifyLinks" />
                <testcase name="VerifyAllLinks" time="0,284" classname="VerifyLinks" />
                <testcase name="VerifyAllLinks" time="0,742" classname="VerifyLinks" />
                <testcase name="VerifyAllLinks" time="0,326" classname="VerifyLinks" />
                <testcase name="VerifyAllLinks" time="0,271" classname="VerifyLinks" />
                <testcase name="VerifyAllLinks" time="0,260" classname="VerifyLinks" />
                <testcase name="VerifyAllLinks" time="0,290" classname="VerifyLinks" />
                <testcase name="VerifyAllLinks" time="0,262" classname="VerifyLinks" />
                <testcase name="VerifyAllLinks" time="0,233" classname="VerifyLinks" />
                <testcase name="VerifyAllLinks" time="0,278" classname="VerifyLinks" />
                <testcase name="VerifyAllLinks" time="0,292" classname="VerifyLinks" />
                <testcase name="VerifyAllLinks" time="0,244" classname="VerifyLinks" />
                <testcase name="VerifyAllLinks" time="0,254" classname="VerifyLinks" />
                <testcase name="VerifyAllLinks" time="0,255" classname="VerifyLinks" />
                <testcase name="VerifyAllLinks" time="0,245" classname="VerifyLinks" />
                <testcase name="VerifyAllLinks" time="0,390" classname="VerifyLinks" />
                <testcase name="VerifyAllLinks" time="0,264" classname="VerifyLinks" />
                <testcase name="VerifyAllLinks" time="0,269" classname="VerifyLinks" />
                <testcase name="VerifyAllLinks" time="0,302" classname="VerifyLinks" />
                <testcase name="VerifyAllLinks" time="0,315" classname="VerifyLinks" />
                <testcase name="VerifyAllLinks" time="0,306" classname="VerifyLinks" />
                <testcase name="VerifyAllLinks" time="0,260" classname="VerifyLinks" />
                <testcase name="VerifyAllLinks" time="1,211" classname="VerifyLinks" />
                <testcase name="VerifyAllLinks" time="0,255" classname="VerifyLinks" />
                <testcase name="VerifyAllLinks" time="0,300" classname="VerifyLinks" />
                <testcase name="VerifyAllLinks" time="0,235" classname="VerifyLinks" />
                <testcase name="VerifyAllLinks" time="0,248" classname="VerifyLinks" />
                <testcase name="VerifyAllLinks" time="0,264" classname="VerifyLinks" />
                <testcase name="VerifyAllLinks" time="0,265" classname="VerifyLinks" />
                <testcase name="VerifyAllLinks" time="0,294" classname="VerifyLinks" />
                <testcase name="VerifyAllLinks" time="0,256" classname="VerifyLinks" />
                <testcase name="VerifyAllLinks" time="0,271" classname="VerifyLinks" />
                <testcase name="VerifyAllLinks" time="0,246" classname="VerifyLinks" />
                <testcase name="VerifyAllLinks" time="0,300" classname="VerifyLinks" />
                <testcase name="VerifyAllLinks" time="0,254" classname="VerifyLinks" />
                <testcase name="VerifyAllLinks" time="0,276" classname="VerifyLinks" />
                <testcase name="VerifyAllLinks" time="0,257" classname="VerifyLinks" />
                <testcase name="VerifyAllLinks" time="0,309" classname="VerifyLinks" />
                <testcase name="VerifyAllLinks" time="0,304" classname="VerifyLinks" />
                <testcase name="VerifyAllLinks" time="0,279" classname="VerifyLinks" />
                <testcase name="VerifyAllLinks" time="0,240" classname="VerifyLinks" />
                <testcase name="VerifyAllLinks" time="0,227" classname="VerifyLinks" />
                <testcase name="VerifyAllLinks" time="0,285" classname="VerifyLinks" />
                <testcase name="VerifyAllLinks" time="0,286" classname="VerifyLinks" />
                <testcase name="VerifyAllLinks" time="0,209" classname="VerifyLinks" />
                <testcase name="VerifyAllLinks" time="0,291" classname="VerifyLinks" />
                <testcase name="VerifyAllLinks" time="0,285" classname="VerifyLinks" />
                <testcase name="VerifyAllLinks" time="0,220" classname="VerifyLinks" />
                <testcase name="VerifyAllLinks" time="0,278" classname="VerifyLinks" />
                <testcase name="VerifyAllLinks" time="0,332" classname="VerifyLinks" />
                <testcase name="VerifyAllLinks" time="0,250" classname="VerifyLinks" />
                <testcase name="VerifyAllLinks" time="1,221" classname="VerifyLinks" />
                <testcase name="VerifyAllLinks" time="0,314" classname="VerifyLinks" />
                <testcase name="VerifyAllLinks" time="0,259" classname="VerifyLinks" />
                <testcase name="VerifyAllLinks" time="0,262" classname="VerifyLinks" />
                <testcase name="VerifyAllLinks" time="0,267" classname="VerifyLinks" />
                <testcase name="VerifyAllLinks" time="0,481" classname="VerifyLinks" />
                <testcase name="VerifyAllLinks" time="0,316" classname="VerifyLinks" />
                <testcase name="VerifyAllLinks" time="0,264" classname="VerifyLinks" />
                <testcase name="VerifyAllLinks" time="0,277" classname="VerifyLinks" />
                <testcase name="VerifyAllLinks" time="0,251" classname="VerifyLinks" />
                <testcase name="VerifyAllLinks" time="0,282" classname="VerifyLinks" />
                <testcase name="VerifyAllLinks" time="0,279" classname="VerifyLinks" />
                <testcase name="VerifyAllLinks" time="0,612" classname="VerifyLinks" />
                <testcase name="VerifyAllLinks" time="0,441" classname="VerifyLinks" />
                <testcase name="VerifyAllLinks" time="0,325" classname="VerifyLinks" />
                <testcase name="VerifyAllLinks" time="0,415" classname="VerifyLinks" />
                <testcase name="VerifyAllLinks" time="0,278" classname="VerifyLinks" />
                <testcase name="VerifyAllLinks" time="0,278" classname="VerifyLinks" />
                <testcase name="VerifyAllLinks" time="0,334" classname="VerifyLinks" />
                <testcase name="VerifyAllLinks" time="0,324" classname="VerifyLinks" />
                <testcase name="VerifyAllLinks" time="0,335" classname="VerifyLinks" />
                <testcase name="VerifyAllLinks" time="0,232" classname="VerifyLinks" />
                <testcase name="VerifyAllLinks" time="0,251" classname="VerifyLinks" />
                <testcase name="VerifyAllLinks" time="0,248" classname="VerifyLinks" />
                <testcase name="VerifyAllLinks" time="0,306" classname="VerifyLinks" />
                <testcase name="VerifyAllLinks" time="0,326" classname="VerifyLinks" />
                <testcase name="VerifyAllLinks" time="0,287" classname="VerifyLinks" />
                <testcase name="VerifyAllLinks" time="0,267" classname="VerifyLinks" />
                <testcase name="VerifyAllLinks" time="0,462" classname="VerifyLinks" />
                <testcase name="VerifyAllLinks" time="0,263" classname="VerifyLinks" />
                <testcase name="VerifyAllLinks" time="0,167" classname="VerifyLinks" />
                <testcase name="VerifyAllLinks" time="0,229" classname="VerifyLinks" />
                <testcase name="VerifyAllLinks" time="0,512" classname="VerifyLinks" />
                <testcase name="VerifyAllLinks" time="0,244" classname="VerifyLinks" />
                <testcase name="VerifyAllLinks" time="0,263" classname="VerifyLinks" />
                <testcase name="VerifyAllLinks" time="0,459" classname="VerifyLinks" />
                <testcase name="VerifyAllLinks" time="0,274" classname="VerifyLinks" />
                <testcase name="VerifyAllLinks" time="0,249" classname="VerifyLinks" />
                <testcase name="VerifyAllLinks" time="0,526" classname="VerifyLinks" />
                <testcase name="VerifyAllLinks" time="0,421" classname="VerifyLinks" />
                <testcase name="VerifyAllLinks" time="0,262" classname="VerifyLinks" />
                <testcase name="VerifyAllLinks" time="0,272" classname="VerifyLinks" />
                <testcase name="VerifyAllLinks" time="0,254" classname="VerifyLinks" />
                <testcase name="VerifyAllLinks" time="0,427" classname="VerifyLinks" />
                <testcase name="VerifyAllLinks" time="0,279" classname="VerifyLinks" />
                <testcase name="VerifyAllLinks" time="0,298" classname="VerifyLinks" />
                <testcase name="VerifyAllLinks" time="0,244" classname="VerifyLinks" />
                <testcase name="VerifyAllLinks" time="0,371" classname="VerifyLinks" />
                <testcase name="VerifyAllLinks" time="0,302" classname="VerifyLinks" />
                <testcase name="VerifyAllLinks" time="0,260" classname="VerifyLinks" />
                <testcase name="VerifyAllLinks" time="0,265" classname="VerifyLinks" />
                <testcase name="VerifyAllLinks" time="0,251" classname="VerifyLinks" />
                <testcase name="VerifyAllLinks" time="0,265" classname="VerifyLinks" />
                <testcase name="VerifyAllLinks" time="0,230" classname="VerifyLinks" />
                <testcase name="VerifyAllLinks" time="0,231" classname="VerifyLinks" />
                <testcase name="VerifyAllLinks" time="0,282" classname="VerifyLinks" />
                <testcase name="VerifyAllLinks" time="0,242" classname="VerifyLinks" />
                <testcase name="VerifyAllLinks" time="0,244" classname="VerifyLinks" />
                <testcase name="VerifyAllLinks" time="0,246" classname="VerifyLinks" />
                <testcase name="VerifyAllLinks" time="0,243" classname="VerifyLinks" />
                <testcase name="VerifyAllLinks" time="0,289" classname="VerifyLinks" />
                <testcase name="VerifyAllLinks" time="0,372" classname="VerifyLinks" />
                <testcase name="VerifyAllLinks" time="0,298" classname="VerifyLinks" />
                <testcase name="VerifyAllLinks" time="0,255" classname="VerifyLinks" />
                <testcase name="VerifyAllLinks" time="0,287" classname="VerifyLinks" />
                <testcase name="VerifyAllLinks" time="0,238" classname="VerifyLinks" />
                <testcase name="VerifyAllLinks" time="0,001" classname="VerifyLinks" />
                <testcase name="VerifyAllLinks" time="0,239" classname="VerifyLinks" />
                <testcase name="VerifyAllLinks" time="0,296" classname="VerifyLinks" />
                <testcase name="VerifyAllLinks" time="0,269" classname="VerifyLinks" />
                <testcase name="VerifyAllLinks" time="0,401" classname="VerifyLinks" />
                <testcase name="VerifyAllLinks" time="0,595" classname="VerifyLinks" />
                <testcase name="VerifyAllLinks" time="0,254" classname="VerifyLinks" />
                <testcase name="VerifyAllLinks" time="0,261" classname="VerifyLinks" />
                <testcase name="VerifyAllLinks" time="0,328" classname="VerifyLinks" />
                <testcase name="VerifyAllLinks" time="0,703" classname="VerifyLinks" />
                <testcase name="VerifyAllLinks" time="0,250" classname="VerifyLinks" />
                <testcase name="VerifyAllLinks" time="0,250" classname="VerifyLinks" />
                <testcase name="VerifyAllLinks" time="0,285" classname="VerifyLinks" />
                <testcase name="VerifyAllLinks" time="1,013" classname="VerifyLinks" />
                <testcase name="VerifyAllLinks" time="0,266" classname="VerifyLinks" />
                <testcase name="VerifyAllLinks" time="0,341" classname="VerifyLinks" />
                <testcase name="VerifyAllLinks" time="0,260" classname="VerifyLinks" />
      
</testsuite>
