<?xml version="1.0" encoding="UTF-8"?>
<testsuite name="Проверка всех ссылок на главной странице [Chrome]"
           tests="552"
           failures="4"
           errors="0"
           skipped="0"
           time="213,775">
  <properties />
            <testcase name="VerifyAllLinks" time="0,554" classname="VerifyLinks">
                <failure type="java.lang.AssertionError"
                  message="РЎСЃС‹Р»РєР° РЅРµ СЂР°Р±РѕС‚РѕСЃРїРѕСЃРѕР±РЅР°.Not Found expected [true] but found [false]"
              >
<![CDATA[java.lang.AssertionError: РЎСЃС‹Р»РєР° РЅРµ СЂР°Р±РѕС‚РѕСЃРїРѕСЃРѕР±РЅР°.Not Found expected [true] but found [false]
  org.testng.Assert.fail(Assert.java:94)
  org.testng.Assert.failNotEquals(Assert.java:494)
  org.testng.Assert.assertTrue(Assert.java:42)
  VerifyLinks.VerifyAllLinks(VerifyLinks.java:79)
  sun.reflect.GeneratedMethodAccessor1.invoke(Unknown Source)
  sun.reflect.DelegatingMethodAccessorImpl.invoke(DelegatingMethodAccessorImpl.java:43)
  java.lang.reflect.Method.invoke(Method.java:498)
  org.testng.internal.MethodInvocationHelper.invokeMethod(MethodInvocationHelper.java:80)
  org.testng.internal.Invoker.invokeMethod(Invoker.java:714)
  org.testng.internal.Invoker.invokeTestMethod(Invoker.java:901)
  org.testng.internal.Invoker.invokeTestMethods(Invoker.java:1231)
  org.testng.internal.TestMethodWorker.invokeTestMethods(TestMethodWorker.java:127)
  org.testng.internal.TestMethodWorker.run(TestMethodWorker.java:111)
  org.testng.TestRunner.privateRun(TestRunner.java:767)
  org.testng.TestRunner.run(TestRunner.java:617)
  org.testng.SuiteRunner.runTest(SuiteRunner.java:334)
  org.testng.SuiteRunner.access$000(SuiteRunner.java:37)
  org.testng.SuiteRunner$SuiteWorker.run(SuiteRunner.java:368)
  org.testng.internal.thread.ThreadUtil$2.call(ThreadUtil.java:64)
  java.util.concurrent.FutureTask.run(FutureTask.java:266)
  java.util.concurrent.ThreadPoolExecutor.runWorker(ThreadPoolExecutor.java:1149)
  java.util.concurrent.ThreadPoolExecutor$Worker.run(ThreadPoolExecutor.java:624)
  java.lang.Thread.run(Thread.java:748)
]]>
      </failure>

          </testcase>
            <testcase name="VerifyAllLinks" time="0,290" classname="VerifyLinks">
                <failure type="java.lang.AssertionError"
                  message="РЎСЃС‹Р»РєР° РЅРµ СЂР°Р±РѕС‚РѕСЃРїРѕСЃРѕР±РЅР°.Moved Permanently expected [true] but found [false]"
              >
<![CDATA[java.lang.AssertionError: РЎСЃС‹Р»РєР° РЅРµ СЂР°Р±РѕС‚РѕСЃРїРѕСЃРѕР±РЅР°.Moved Permanently expected [true] but found [false]
  org.testng.Assert.fail(Assert.java:94)
  org.testng.Assert.failNotEquals(Assert.java:494)
  org.testng.Assert.assertTrue(Assert.java:42)
  VerifyLinks.VerifyAllLinks(VerifyLinks.java:79)
  sun.reflect.GeneratedMethodAccessor1.invoke(Unknown Source)
  sun.reflect.DelegatingMethodAccessorImpl.invoke(DelegatingMethodAccessorImpl.java:43)
  java.lang.reflect.Method.invoke(Method.java:498)
  org.testng.internal.MethodInvocationHelper.invokeMethod(MethodInvocationHelper.java:80)
  org.testng.internal.Invoker.invokeMethod(Invoker.java:714)
  org.testng.internal.Invoker.invokeTestMethod(Invoker.java:901)
  org.testng.internal.Invoker.invokeTestMethods(Invoker.java:1231)
  org.testng.internal.TestMethodWorker.invokeTestMethods(TestMethodWorker.java:127)
  org.testng.internal.TestMethodWorker.run(TestMethodWorker.java:111)
  org.testng.TestRunner.privateRun(TestRunner.java:767)
  org.testng.TestRunner.run(TestRunner.java:617)
  org.testng.SuiteRunner.runTest(SuiteRunner.java:334)
  org.testng.SuiteRunner.access$000(SuiteRunner.java:37)
  org.testng.SuiteRunner$SuiteWorker.run(SuiteRunner.java:368)
  org.testng.internal.thread.ThreadUtil$2.call(ThreadUtil.java:64)
  java.util.concurrent.FutureTask.run(FutureTask.java:266)
  java.util.concurrent.ThreadPoolExecutor.runWorker(ThreadPoolExecutor.java:1149)
  java.util.concurrent.ThreadPoolExecutor$Worker.run(ThreadPoolExecutor.java:624)
  java.lang.Thread.run(Thread.java:748)
]]>
      </failure>

          </testcase>
            <testcase name="VerifyAllLinks" time="0,530" classname="VerifyLinks">
                <failure type="java.lang.AssertionError"
                  message="РЎСЃС‹Р»РєР° РЅРµ СЂР°Р±РѕС‚РѕСЃРїРѕСЃРѕР±РЅР°.Not Found expected [true] but found [false]"
              >
<![CDATA[java.lang.AssertionError: РЎСЃС‹Р»РєР° РЅРµ СЂР°Р±РѕС‚РѕСЃРїРѕСЃРѕР±РЅР°.Not Found expected [true] but found [false]
  org.testng.Assert.fail(Assert.java:94)
  org.testng.Assert.failNotEquals(Assert.java:494)
  org.testng.Assert.assertTrue(Assert.java:42)
  VerifyLinks.VerifyAllLinks(VerifyLinks.java:79)
  sun.reflect.GeneratedMethodAccessor1.invoke(Unknown Source)
  sun.reflect.DelegatingMethodAccessorImpl.invoke(DelegatingMethodAccessorImpl.java:43)
  java.lang.reflect.Method.invoke(Method.java:498)
  org.testng.internal.MethodInvocationHelper.invokeMethod(MethodInvocationHelper.java:80)
  org.testng.internal.Invoker.invokeMethod(Invoker.java:714)
  org.testng.internal.Invoker.invokeTestMethod(Invoker.java:901)
  org.testng.internal.Invoker.invokeTestMethods(Invoker.java:1231)
  org.testng.internal.TestMethodWorker.invokeTestMethods(TestMethodWorker.java:127)
  org.testng.internal.TestMethodWorker.run(TestMethodWorker.java:111)
  org.testng.TestRunner.privateRun(TestRunner.java:767)
  org.testng.TestRunner.run(TestRunner.java:617)
  org.testng.SuiteRunner.runTest(SuiteRunner.java:334)
  org.testng.SuiteRunner.access$000(SuiteRunner.java:37)
  org.testng.SuiteRunner$SuiteWorker.run(SuiteRunner.java:368)
  org.testng.internal.thread.ThreadUtil$2.call(ThreadUtil.java:64)
  java.util.concurrent.FutureTask.run(FutureTask.java:266)
  java.util.concurrent.ThreadPoolExecutor.runWorker(ThreadPoolExecutor.java:1149)
  java.util.concurrent.ThreadPoolExecutor$Worker.run(ThreadPoolExecutor.java:624)
  java.lang.Thread.run(Thread.java:748)
]]>
      </failure>

          </testcase>
            <testcase name="VerifyAllLinks" time="0,564" classname="VerifyLinks">
                <failure type="java.lang.AssertionError"
                  message="РЎСЃС‹Р»РєР° РЅРµ СЂР°Р±РѕС‚РѕСЃРїРѕСЃРѕР±РЅР°.Not Found expected [true] but found [false]"
              >
<![CDATA[java.lang.AssertionError: РЎСЃС‹Р»РєР° РЅРµ СЂР°Р±РѕС‚РѕСЃРїРѕСЃРѕР±РЅР°.Not Found expected [true] but found [false]
  org.testng.Assert.fail(Assert.java:94)
  org.testng.Assert.failNotEquals(Assert.java:494)
  org.testng.Assert.assertTrue(Assert.java:42)
  VerifyLinks.VerifyAllLinks(VerifyLinks.java:79)
  sun.reflect.GeneratedMethodAccessor1.invoke(Unknown Source)
  sun.reflect.DelegatingMethodAccessorImpl.invoke(DelegatingMethodAccessorImpl.java:43)
  java.lang.reflect.Method.invoke(Method.java:498)
  org.testng.internal.MethodInvocationHelper.invokeMethod(MethodInvocationHelper.java:80)
  org.testng.internal.Invoker.invokeMethod(Invoker.java:714)
  org.testng.internal.Invoker.invokeTestMethod(Invoker.java:901)
  org.testng.internal.Invoker.invokeTestMethods(Invoker.java:1231)
  org.testng.internal.TestMethodWorker.invokeTestMethods(TestMethodWorker.java:127)
  org.testng.internal.TestMethodWorker.run(TestMethodWorker.java:111)
  org.testng.TestRunner.privateRun(TestRunner.java:767)
  org.testng.TestRunner.run(TestRunner.java:617)
  org.testng.SuiteRunner.runTest(SuiteRunner.java:334)
  org.testng.SuiteRunner.access$000(SuiteRunner.java:37)
  org.testng.SuiteRunner$SuiteWorker.run(SuiteRunner.java:368)
  org.testng.internal.thread.ThreadUtil$2.call(ThreadUtil.java:64)
  java.util.concurrent.FutureTask.run(FutureTask.java:266)
  java.util.concurrent.ThreadPoolExecutor.runWorker(ThreadPoolExecutor.java:1149)
  java.util.concurrent.ThreadPoolExecutor$Worker.run(ThreadPoolExecutor.java:624)
  java.lang.Thread.run(Thread.java:748)
]]>
      </failure>

          </testcase>
  
  
            <testcase name="VerifyAllLinks" time="0,280" classname="VerifyLinks" />
                <testcase name="VerifyAllLinks" time="1,272" classname="VerifyLinks" />
                <testcase name="VerifyAllLinks" time="0,250" classname="VerifyLinks" />
                <testcase name="VerifyAllLinks" time="0,300" classname="VerifyLinks" />
                <testcase name="VerifyAllLinks" time="0,270" classname="VerifyLinks" />
                <testcase name="VerifyAllLinks" time="0,420" classname="VerifyLinks" />
                <testcase name="VerifyAllLinks" time="0,250" classname="VerifyLinks" />
                <testcase name="VerifyAllLinks" time="0,280" classname="VerifyLinks" />
                <testcase name="VerifyAllLinks" time="0,310" classname="VerifyLinks" />
                <testcase name="VerifyAllLinks" time="0,480" classname="VerifyLinks" />
                <testcase name="VerifyAllLinks" time="0,310" classname="VerifyLinks" />
                <testcase name="VerifyAllLinks" time="0,320" classname="VerifyLinks" />
                <testcase name="VerifyAllLinks" time="0,302" classname="VerifyLinks" />
                <testcase name="VerifyAllLinks" time="0,552" classname="VerifyLinks" />
                <testcase name="VerifyAllLinks" time="1,837" classname="VerifyLinks" />
                <testcase name="VerifyAllLinks" time="0,260" classname="VerifyLinks" />
                <testcase name="VerifyAllLinks" time="0,270" classname="VerifyLinks" />
                <testcase name="VerifyAllLinks" time="0,538" classname="VerifyLinks" />
                <testcase name="VerifyAllLinks" time="0,240" classname="VerifyLinks" />
                <testcase name="VerifyAllLinks" time="0,263" classname="VerifyLinks" />
                <testcase name="VerifyAllLinks" time="0,385" classname="VerifyLinks" />
                <testcase name="VerifyAllLinks" time="0,560" classname="VerifyLinks" />
                <testcase name="VerifyAllLinks" time="0,280" classname="VerifyLinks" />
                <testcase name="VerifyAllLinks" time="0,322" classname="VerifyLinks" />
                <testcase name="VerifyAllLinks" time="0,610" classname="VerifyLinks" />
                <testcase name="VerifyAllLinks" time="0,270" classname="VerifyLinks" />
                <testcase name="VerifyAllLinks" time="0,360" classname="VerifyLinks" />
                <testcase name="VerifyAllLinks" time="0,300" classname="VerifyLinks" />
                <testcase name="VerifyAllLinks" time="0,752" classname="VerifyLinks" />
                <testcase name="VerifyAllLinks" time="0,310" classname="VerifyLinks" />
                <testcase name="VerifyAllLinks" time="0,320" classname="VerifyLinks" />
                <testcase name="VerifyAllLinks" time="0,530" classname="VerifyLinks" />
                <testcase name="VerifyAllLinks" time="0,480" classname="VerifyLinks" />
                <testcase name="VerifyAllLinks" time="0,331" classname="VerifyLinks" />
                <testcase name="VerifyAllLinks" time="0,342" classname="VerifyLinks" />
                <testcase name="VerifyAllLinks" time="0,290" classname="VerifyLinks" />
                <testcase name="VerifyAllLinks" time="0,265" classname="VerifyLinks" />
                <testcase name="VerifyAllLinks" time="0,312" classname="VerifyLinks" />
                <testcase name="VerifyAllLinks" time="0,280" classname="VerifyLinks" />
                <testcase name="VerifyAllLinks" time="0,251" classname="VerifyLinks" />
                <testcase name="VerifyAllLinks" time="0,292" classname="VerifyLinks" />
                <testcase name="VerifyAllLinks" time="0,350" classname="VerifyLinks" />
                <testcase name="VerifyAllLinks" time="0,250" classname="VerifyLinks" />
                <testcase name="VerifyAllLinks" time="0,384" classname="VerifyLinks" />
                <testcase name="VerifyAllLinks" time="0,324" classname="VerifyLinks" />
                <testcase name="VerifyAllLinks" time="0,460" classname="VerifyLinks" />
                <testcase name="VerifyAllLinks" time="0,300" classname="VerifyLinks" />
                <testcase name="VerifyAllLinks" time="0,320" classname="VerifyLinks" />
                <testcase name="VerifyAllLinks" time="0,474" classname="VerifyLinks" />
                <testcase name="VerifyAllLinks" time="0,350" classname="VerifyLinks" />
                <testcase name="VerifyAllLinks" time="0,504" classname="VerifyLinks" />
                <testcase name="VerifyAllLinks" time="0,270" classname="VerifyLinks" />
                <testcase name="VerifyAllLinks" time="0,482" classname="VerifyLinks" />
                <testcase name="VerifyAllLinks" time="0,250" classname="VerifyLinks" />
                <testcase name="VerifyAllLinks" time="0,230" classname="VerifyLinks" />
                <testcase name="VerifyAllLinks" time="0,290" classname="VerifyLinks" />
                <testcase name="VerifyAllLinks" time="0,342" classname="VerifyLinks" />
                <testcase name="VerifyAllLinks" time="0,422" classname="VerifyLinks" />
                <testcase name="VerifyAllLinks" time="0,280" classname="VerifyLinks" />
                <testcase name="VerifyAllLinks" time="0,405" classname="VerifyLinks" />
                <testcase name="VerifyAllLinks" time="0,412" classname="VerifyLinks" />
                <testcase name="VerifyAllLinks" time="0,384" classname="VerifyLinks" />
                <testcase name="VerifyAllLinks" time="0,410" classname="VerifyLinks" />
                <testcase name="VerifyAllLinks" time="0,300" classname="VerifyLinks" />
                <testcase name="VerifyAllLinks" time="1,470" classname="VerifyLinks" />
                <testcase name="VerifyAllLinks" time="0,540" classname="VerifyLinks" />
                <testcase name="VerifyAllLinks" time="0,250" classname="VerifyLinks" />
                <testcase name="VerifyAllLinks" time="0,340" classname="VerifyLinks" />
                <testcase name="VerifyAllLinks" time="0,260" classname="VerifyLinks" />
                <testcase name="VerifyAllLinks" time="0,298" classname="VerifyLinks" />
                <testcase name="VerifyAllLinks" time="0,284" classname="VerifyLinks" />
                <testcase name="VerifyAllLinks" time="0,344" classname="VerifyLinks" />
                <testcase name="VerifyAllLinks" time="0,320" classname="VerifyLinks" />
                <testcase name="VerifyAllLinks" time="0,513" classname="VerifyLinks" />
                <testcase name="VerifyAllLinks" time="0,270" classname="VerifyLinks" />
                <testcase name="VerifyAllLinks" time="0,282" classname="VerifyLinks" />
                <testcase name="VerifyAllLinks" time="0,280" classname="VerifyLinks" />
                <testcase name="VerifyAllLinks" time="0,692" classname="VerifyLinks" />
                <testcase name="VerifyAllLinks" time="0,330" classname="VerifyLinks" />
                <testcase name="VerifyAllLinks" time="0,394" classname="VerifyLinks" />
                <testcase name="VerifyAllLinks" time="1,186" classname="VerifyLinks" />
                <testcase name="VerifyAllLinks" time="0,364" classname="VerifyLinks" />
                <testcase name="VerifyAllLinks" time="0,266" classname="VerifyLinks" />
                <testcase name="VerifyAllLinks" time="0,502" classname="VerifyLinks" />
                <testcase name="VerifyAllLinks" time="0,544" classname="VerifyLinks" />
                <testcase name="VerifyAllLinks" time="0,380" classname="VerifyLinks" />
                <testcase name="VerifyAllLinks" time="0,264" classname="VerifyLinks" />
                <testcase name="VerifyAllLinks" time="0,360" classname="VerifyLinks" />
                <testcase name="VerifyAllLinks" time="0,230" classname="VerifyLinks" />
                <testcase name="VerifyAllLinks" time="0,300" classname="VerifyLinks" />
                <testcase name="VerifyAllLinks" time="0,602" classname="VerifyLinks" />
                <testcase name="VerifyAllLinks" time="0,280" classname="VerifyLinks" />
                <testcase name="VerifyAllLinks" time="0,382" classname="VerifyLinks" />
                <testcase name="VerifyAllLinks" time="2,374" classname="VerifyLinks" />
                <testcase name="VerifyAllLinks" time="0,270" classname="VerifyLinks" />
                <testcase name="VerifyAllLinks" time="0,310" classname="VerifyLinks" />
                <testcase name="VerifyAllLinks" time="0,290" classname="VerifyLinks" />
                <testcase name="VerifyAllLinks" time="0,320" classname="VerifyLinks" />
                <testcase name="VerifyAllLinks" time="0,320" classname="VerifyLinks" />
                <testcase name="VerifyAllLinks" time="0,332" classname="VerifyLinks" />
                <testcase name="VerifyAllLinks" time="0,422" classname="VerifyLinks" />
                <testcase name="VerifyAllLinks" time="0,310" classname="VerifyLinks" />
                <testcase name="VerifyAllLinks" time="0,270" classname="VerifyLinks" />
                <testcase name="VerifyAllLinks" time="0,262" classname="VerifyLinks" />
                <testcase name="VerifyAllLinks" time="0,682" classname="VerifyLinks" />
                <testcase name="VerifyAllLinks" time="0,360" classname="VerifyLinks" />
                <testcase name="VerifyAllLinks" time="0,270" classname="VerifyLinks" />
                <testcase name="VerifyAllLinks" time="0,240" classname="VerifyLinks" />
                <testcase name="VerifyAllLinks" time="0,342" classname="VerifyLinks" />
                <testcase name="VerifyAllLinks" time="1,402" classname="VerifyLinks" />
                <testcase name="VerifyAllLinks" time="0,300" classname="VerifyLinks" />
                <testcase name="VerifyAllLinks" time="0,260" classname="VerifyLinks" />
                <testcase name="VerifyAllLinks" time="0,310" classname="VerifyLinks" />
                <testcase name="VerifyAllLinks" time="0,280" classname="VerifyLinks" />
                <testcase name="VerifyAllLinks" time="0,454" classname="VerifyLinks" />
                <testcase name="VerifyAllLinks" time="0,420" classname="VerifyLinks" />
                <testcase name="VerifyAllLinks" time="0,330" classname="VerifyLinks" />
                <testcase name="VerifyAllLinks" time="0,460" classname="VerifyLinks" />
                <testcase name="VerifyAllLinks" time="0,399" classname="VerifyLinks" />
                <testcase name="VerifyAllLinks" time="0,440" classname="VerifyLinks" />
                <testcase name="VerifyAllLinks" time="0,350" classname="VerifyLinks" />
                <testcase name="VerifyAllLinks" time="0,270" classname="VerifyLinks" />
                <testcase name="VerifyAllLinks" time="0,620" classname="VerifyLinks" />
                <testcase name="VerifyAllLinks" time="0,292" classname="VerifyLinks" />
                <testcase name="VerifyAllLinks" time="0,434" classname="VerifyLinks" />
                <testcase name="VerifyAllLinks" time="0,360" classname="VerifyLinks" />
                <testcase name="VerifyAllLinks" time="0,360" classname="VerifyLinks" />
                <testcase name="VerifyAllLinks" time="0,510" classname="VerifyLinks" />
                <testcase name="VerifyAllLinks" time="0,260" classname="VerifyLinks" />
                <testcase name="VerifyAllLinks" time="0,250" classname="VerifyLinks" />
                <testcase name="VerifyAllLinks" time="0,690" classname="VerifyLinks" />
                <testcase name="VerifyAllLinks" time="0,570" classname="VerifyLinks" />
                <testcase name="VerifyAllLinks" time="0,400" classname="VerifyLinks" />
                <testcase name="VerifyAllLinks" time="0,522" classname="VerifyLinks" />
                <testcase name="VerifyAllLinks" time="0,260" classname="VerifyLinks" />
                <testcase name="VerifyAllLinks" time="0,412" classname="VerifyLinks" />
                <testcase name="VerifyAllLinks" time="0,472" classname="VerifyLinks" />
                <testcase name="VerifyAllLinks" time="0,348" classname="VerifyLinks" />
                <testcase name="VerifyAllLinks" time="0,240" classname="VerifyLinks" />
                <testcase name="VerifyAllLinks" time="0,240" classname="VerifyLinks" />
                <testcase name="VerifyAllLinks" time="0,411" classname="VerifyLinks" />
                <testcase name="VerifyAllLinks" time="0,270" classname="VerifyLinks" />
                <testcase name="VerifyAllLinks" time="0,374" classname="VerifyLinks" />
                <testcase name="VerifyAllLinks" time="0,242" classname="VerifyLinks" />
                <testcase name="VerifyAllLinks" time="0,322" classname="VerifyLinks" />
                <testcase name="VerifyAllLinks" time="0,542" classname="VerifyLinks" />
                <testcase name="VerifyAllLinks" time="0,300" classname="VerifyLinks" />
                <testcase name="VerifyAllLinks" time="1,555" classname="VerifyLinks" />
                <testcase name="VerifyAllLinks" time="0,290" classname="VerifyLinks" />
                <testcase name="VerifyAllLinks" time="1,032" classname="VerifyLinks" />
                <testcase name="VerifyAllLinks" time="0,390" classname="VerifyLinks" />
                <testcase name="VerifyAllLinks" time="0,290" classname="VerifyLinks" />
                <testcase name="VerifyAllLinks" time="0,240" classname="VerifyLinks" />
                <testcase name="VerifyAllLinks" time="0,462" classname="VerifyLinks" />
                <testcase name="VerifyAllLinks" time="0,352" classname="VerifyLinks" />
                <testcase name="VerifyAllLinks" time="0,250" classname="VerifyLinks" />
                <testcase name="VerifyAllLinks" time="0,340" classname="VerifyLinks" />
                <testcase name="VerifyAllLinks" time="0,260" classname="VerifyLinks" />
                <testcase name="VerifyAllLinks" time="0,290" classname="VerifyLinks" />
                <testcase name="VerifyAllLinks" time="0,320" classname="VerifyLinks" />
                <testcase name="VerifyAllLinks" time="0,330" classname="VerifyLinks" />
                <testcase name="VerifyAllLinks" time="0,361" classname="VerifyLinks" />
                <testcase name="VerifyAllLinks" time="0,280" classname="VerifyLinks" />
                <testcase name="VerifyAllLinks" time="0,332" classname="VerifyLinks" />
                <testcase name="VerifyAllLinks" time="0,000" classname="VerifyLinks" />
                <testcase name="VerifyAllLinks" time="0,250" classname="VerifyLinks" />
                <testcase name="VerifyAllLinks" time="0,272" classname="VerifyLinks" />
                <testcase name="VerifyAllLinks" time="0,250" classname="VerifyLinks" />
                <testcase name="VerifyAllLinks" time="0,379" classname="VerifyLinks" />
                <testcase name="VerifyAllLinks" time="0,272" classname="VerifyLinks" />
                <testcase name="VerifyAllLinks" time="0,534" classname="VerifyLinks" />
                <testcase name="VerifyAllLinks" time="0,320" classname="VerifyLinks" />
                <testcase name="VerifyAllLinks" time="0,350" classname="VerifyLinks" />
                <testcase name="VerifyAllLinks" time="0,800" classname="VerifyLinks" />
                <testcase name="VerifyAllLinks" time="0,460" classname="VerifyLinks" />
                <testcase name="VerifyAllLinks" time="0,580" classname="VerifyLinks" />
                <testcase name="VerifyAllLinks" time="0,320" classname="VerifyLinks" />
                <testcase name="VerifyAllLinks" time="0,380" classname="VerifyLinks" />
                <testcase name="VerifyAllLinks" time="0,443" classname="VerifyLinks" />
                <testcase name="VerifyAllLinks" time="0,384" classname="VerifyLinks" />
                <testcase name="VerifyAllLinks" time="0,320" classname="VerifyLinks" />
                <testcase name="VerifyAllLinks" time="0,260" classname="VerifyLinks" />
                <testcase name="VerifyAllLinks" time="0,330" classname="VerifyLinks" />
                <testcase name="VerifyAllLinks" time="1,674" classname="VerifyLinks" />
                <testcase name="VerifyAllLinks" time="0,280" classname="VerifyLinks" />
                <testcase name="VerifyAllLinks" time="0,500" classname="VerifyLinks" />
                <testcase name="VerifyAllLinks" time="0,310" classname="VerifyLinks" />
                <testcase name="VerifyAllLinks" time="0,310" classname="VerifyLinks" />
                <testcase name="VerifyAllLinks" time="0,472" classname="VerifyLinks" />
                <testcase name="VerifyAllLinks" time="0,314" classname="VerifyLinks" />
                <testcase name="VerifyAllLinks" time="0,260" classname="VerifyLinks" />
                <testcase name="VerifyAllLinks" time="0,335" classname="VerifyLinks" />
                <testcase name="VerifyAllLinks" time="0,374" classname="VerifyLinks" />
                <testcase name="VerifyAllLinks" time="0,457" classname="VerifyLinks" />
                <testcase name="VerifyAllLinks" time="0,270" classname="VerifyLinks" />
                <testcase name="VerifyAllLinks" time="0,420" classname="VerifyLinks" />
                <testcase name="VerifyAllLinks" time="0,300" classname="VerifyLinks" />
                <testcase name="VerifyAllLinks" time="0,300" classname="VerifyLinks" />
                <testcase name="VerifyAllLinks" time="0,800" classname="VerifyLinks" />
                <testcase name="VerifyAllLinks" time="0,472" classname="VerifyLinks" />
                <testcase name="VerifyAllLinks" time="0,250" classname="VerifyLinks" />
                <testcase name="VerifyAllLinks" time="0,300" classname="VerifyLinks" />
                <testcase name="VerifyAllLinks" time="0,412" classname="VerifyLinks" />
                <testcase name="VerifyAllLinks" time="0,250" classname="VerifyLinks" />
                <testcase name="VerifyAllLinks" time="0,600" classname="VerifyLinks" />
                <testcase name="VerifyAllLinks" time="0,422" classname="VerifyLinks" />
                <testcase name="VerifyAllLinks" time="0,332" classname="VerifyLinks" />
                <testcase name="VerifyAllLinks" time="0,280" classname="VerifyLinks" />
                <testcase name="VerifyAllLinks" time="0,472" classname="VerifyLinks" />
                <testcase name="VerifyAllLinks" time="0,470" classname="VerifyLinks" />
                <testcase name="VerifyAllLinks" time="0,304" classname="VerifyLinks" />
                <testcase name="VerifyAllLinks" time="0,300" classname="VerifyLinks" />
                <testcase name="VerifyAllLinks" time="0,250" classname="VerifyLinks" />
                <testcase name="VerifyAllLinks" time="0,300" classname="VerifyLinks" />
                <testcase name="VerifyAllLinks" time="0,270" classname="VerifyLinks" />
                <testcase name="VerifyAllLinks" time="0,494" classname="VerifyLinks" />
                <testcase name="VerifyAllLinks" time="0,242" classname="VerifyLinks" />
                <testcase name="VerifyAllLinks" time="0,380" classname="VerifyLinks" />
                <testcase name="VerifyAllLinks" time="0,384" classname="VerifyLinks" />
                <testcase name="VerifyAllLinks" time="0,300" classname="VerifyLinks" />
                <testcase name="VerifyAllLinks" time="0,264" classname="VerifyLinks" />
                <testcase name="VerifyAllLinks" time="0,410" classname="VerifyLinks" />
                <testcase name="VerifyAllLinks" time="0,449" classname="VerifyLinks" />
                <testcase name="VerifyAllLinks" time="0,332" classname="VerifyLinks" />
                <testcase name="VerifyAllLinks" time="1,012" classname="VerifyLinks" />
                <testcase name="VerifyAllLinks" time="0,322" classname="VerifyLinks" />
                <testcase name="VerifyAllLinks" time="0,352" classname="VerifyLinks" />
                <testcase name="VerifyAllLinks" time="0,320" classname="VerifyLinks" />
                <testcase name="VerifyAllLinks" time="0,312" classname="VerifyLinks" />
                <testcase name="VerifyAllLinks" time="0,300" classname="VerifyLinks" />
                <testcase name="VerifyAllLinks" time="0,252" classname="VerifyLinks" />
                <testcase name="VerifyAllLinks" time="0,260" classname="VerifyLinks" />
                <testcase name="VerifyAllLinks" time="0,372" classname="VerifyLinks" />
                <testcase name="VerifyAllLinks" time="0,292" classname="VerifyLinks" />
                <testcase name="VerifyAllLinks" time="0,290" classname="VerifyLinks" />
                <testcase name="VerifyAllLinks" time="0,321" classname="VerifyLinks" />
                <testcase name="VerifyAllLinks" time="0,500" classname="VerifyLinks" />
                <testcase name="VerifyAllLinks" time="0,300" classname="VerifyLinks" />
                <testcase name="VerifyAllLinks" time="0,330" classname="VerifyLinks" />
                <testcase name="VerifyAllLinks" time="0,760" classname="VerifyLinks" />
                <testcase name="VerifyAllLinks" time="0,320" classname="VerifyLinks" />
                <testcase name="VerifyAllLinks" time="0,400" classname="VerifyLinks" />
                <testcase name="VerifyAllLinks" time="0,492" classname="VerifyLinks" />
                <testcase name="VerifyAllLinks" time="0,380" classname="VerifyLinks" />
                <testcase name="VerifyAllLinks" time="0,642" classname="VerifyLinks" />
                <testcase name="VerifyAllLinks" time="0,842" classname="VerifyLinks" />
                <testcase name="VerifyAllLinks" time="0,260" classname="VerifyLinks" />
                <testcase name="VerifyAllLinks" time="0,280" classname="VerifyLinks" />
                <testcase name="VerifyAllLinks" time="0,330" classname="VerifyLinks" />
                <testcase name="VerifyAllLinks" time="0,280" classname="VerifyLinks" />
                <testcase name="VerifyAllLinks" time="0,410" classname="VerifyLinks" />
                <testcase name="VerifyAllLinks" time="0,400" classname="VerifyLinks" />
                <testcase name="VerifyAllLinks" time="0,503" classname="VerifyLinks" />
                <testcase name="VerifyAllLinks" time="0,590" classname="VerifyLinks" />
                <testcase name="VerifyAllLinks" time="0,250" classname="VerifyLinks" />
                <testcase name="VerifyAllLinks" time="0,560" classname="VerifyLinks" />
                <testcase name="VerifyAllLinks" time="0,390" classname="VerifyLinks" />
                <testcase name="VerifyAllLinks" time="0,240" classname="VerifyLinks" />
                <testcase name="VerifyAllLinks" time="1,842" classname="VerifyLinks" />
                <testcase name="VerifyAllLinks" time="0,300" classname="VerifyLinks" />
                <testcase name="VerifyAllLinks" time="0,362" classname="VerifyLinks" />
                <testcase name="VerifyAllLinks" time="0,640" classname="VerifyLinks" />
                <testcase name="VerifyAllLinks" time="0,353" classname="VerifyLinks" />
                <testcase name="VerifyAllLinks" time="0,432" classname="VerifyLinks" />
                <testcase name="VerifyAllLinks" time="0,272" classname="VerifyLinks" />
                <testcase name="VerifyAllLinks" time="0,680" classname="VerifyLinks" />
                <testcase name="VerifyAllLinks" time="0,532" classname="VerifyLinks" />
                <testcase name="VerifyAllLinks" time="0,512" classname="VerifyLinks" />
                <testcase name="VerifyAllLinks" time="0,552" classname="VerifyLinks" />
                <testcase name="VerifyAllLinks" time="0,290" classname="VerifyLinks" />
                <testcase name="VerifyAllLinks" time="0,370" classname="VerifyLinks" />
                <testcase name="VerifyAllLinks" time="0,260" classname="VerifyLinks" />
                <testcase name="VerifyAllLinks" time="0,282" classname="VerifyLinks" />
                <testcase name="VerifyAllLinks" time="0,300" classname="VerifyLinks" />
                <testcase name="VerifyAllLinks" time="0,390" classname="VerifyLinks" />
                <testcase name="VerifyAllLinks" time="0,332" classname="VerifyLinks" />
                <testcase name="VerifyAllLinks" time="0,594" classname="VerifyLinks" />
                <testcase name="VerifyAllLinks" time="0,000" classname="VerifyLinks" />
                <testcase name="VerifyAllLinks" time="0,260" classname="VerifyLinks" />
                <testcase name="VerifyAllLinks" time="0,470" classname="VerifyLinks" />
                <testcase name="VerifyAllLinks" time="0,302" classname="VerifyLinks" />
                <testcase name="VerifyAllLinks" time="0,734" classname="VerifyLinks" />
                <testcase name="VerifyAllLinks" time="0,260" classname="VerifyLinks" />
                <testcase name="VerifyAllLinks" time="0,360" classname="VerifyLinks" />
                <testcase name="VerifyAllLinks" time="0,270" classname="VerifyLinks" />
                <testcase name="VerifyAllLinks" time="0,360" classname="VerifyLinks" />
                <testcase name="VerifyAllLinks" time="0,360" classname="VerifyLinks" />
                <testcase name="VerifyAllLinks" time="0,330" classname="VerifyLinks" />
                <testcase name="VerifyAllLinks" time="0,342" classname="VerifyLinks" />
                <testcase name="VerifyAllLinks" time="0,280" classname="VerifyLinks" />
                <testcase name="VerifyAllLinks" time="0,800" classname="VerifyLinks" />
                <testcase name="VerifyAllLinks" time="0,260" classname="VerifyLinks" />
                <testcase name="VerifyAllLinks" time="0,270" classname="VerifyLinks" />
                <testcase name="VerifyAllLinks" time="0,300" classname="VerifyLinks" />
                <testcase name="VerifyAllLinks" time="0,322" classname="VerifyLinks" />
                <testcase name="VerifyAllLinks" time="0,322" classname="VerifyLinks" />
                <testcase name="VerifyAllLinks" time="0,306" classname="VerifyLinks" />
                <testcase name="VerifyAllLinks" time="0,300" classname="VerifyLinks" />
                <testcase name="VerifyAllLinks" time="0,290" classname="VerifyLinks" />
                <testcase name="VerifyAllLinks" time="0,452" classname="VerifyLinks" />
                <testcase name="VerifyAllLinks" time="0,310" classname="VerifyLinks" />
                <testcase name="VerifyAllLinks" time="0,270" classname="VerifyLinks" />
                <testcase name="VerifyAllLinks" time="0,312" classname="VerifyLinks" />
                <testcase name="VerifyAllLinks" time="0,370" classname="VerifyLinks" />
                <testcase name="VerifyAllLinks" time="0,292" classname="VerifyLinks" />
                <testcase name="VerifyAllLinks" time="0,330" classname="VerifyLinks" />
                <testcase name="VerifyAllLinks" time="0,292" classname="VerifyLinks" />
                <testcase name="VerifyAllLinks" time="0,302" classname="VerifyLinks" />
                <testcase name="VerifyAllLinks" time="0,317" classname="VerifyLinks" />
                <testcase name="VerifyAllLinks" time="0,310" classname="VerifyLinks" />
                <testcase name="VerifyAllLinks" time="0,316" classname="VerifyLinks" />
                <testcase name="VerifyAllLinks" time="0,340" classname="VerifyLinks" />
                <testcase name="VerifyAllLinks" time="0,420" classname="VerifyLinks" />
                <testcase name="VerifyAllLinks" time="0,452" classname="VerifyLinks" />
                <testcase name="VerifyAllLinks" time="0,302" classname="VerifyLinks" />
                <testcase name="VerifyAllLinks" time="0,292" classname="VerifyLinks" />
                <testcase name="VerifyAllLinks" time="0,680" classname="VerifyLinks" />
                <testcase name="VerifyAllLinks" time="0,362" classname="VerifyLinks" />
                <testcase name="VerifyAllLinks" time="0,320" classname="VerifyLinks" />
                <testcase name="VerifyAllLinks" time="0,280" classname="VerifyLinks" />
                <testcase name="VerifyAllLinks" time="0,294" classname="VerifyLinks" />
                <testcase name="VerifyAllLinks" time="0,302" classname="VerifyLinks" />
                <testcase name="VerifyAllLinks" time="0,700" classname="VerifyLinks" />
                <testcase name="VerifyAllLinks" time="0,440" classname="VerifyLinks" />
                <testcase name="VerifyAllLinks" time="0,000" classname="VerifyLinks" />
                <testcase name="VerifyAllLinks" time="0,382" classname="VerifyLinks" />
                <testcase name="VerifyAllLinks" time="0,322" classname="VerifyLinks" />
                <testcase name="VerifyAllLinks" time="0,299" classname="VerifyLinks" />
                <testcase name="VerifyAllLinks" time="0,260" classname="VerifyLinks" />
                <testcase name="VerifyAllLinks" time="0,282" classname="VerifyLinks" />
                <testcase name="VerifyAllLinks" time="0,270" classname="VerifyLinks" />
                <testcase name="VerifyAllLinks" time="0,247" classname="VerifyLinks" />
                <testcase name="VerifyAllLinks" time="0,240" classname="VerifyLinks" />
                <testcase name="VerifyAllLinks" time="0,280" classname="VerifyLinks" />
                <testcase name="VerifyAllLinks" time="0,275" classname="VerifyLinks" />
                <testcase name="VerifyAllLinks" time="0,250" classname="VerifyLinks" />
                <testcase name="VerifyAllLinks" time="0,340" classname="VerifyLinks" />
                <testcase name="VerifyAllLinks" time="0,310" classname="VerifyLinks" />
                <testcase name="VerifyAllLinks" time="0,453" classname="VerifyLinks" />
                <testcase name="VerifyAllLinks" time="0,325" classname="VerifyLinks" />
                <testcase name="VerifyAllLinks" time="0,382" classname="VerifyLinks" />
                <testcase name="VerifyAllLinks" time="0,000" classname="VerifyLinks" />
                <testcase name="VerifyAllLinks" time="0,332" classname="VerifyLinks" />
                <testcase name="VerifyAllLinks" time="0,500" classname="VerifyLinks" />
                <testcase name="VerifyAllLinks" time="0,624" classname="VerifyLinks" />
                <testcase name="VerifyAllLinks" time="0,350" classname="VerifyLinks" />
                <testcase name="VerifyAllLinks" time="0,351" classname="VerifyLinks" />
                <testcase name="VerifyAllLinks" time="0,360" classname="VerifyLinks" />
                <testcase name="VerifyAllLinks" time="0,329" classname="VerifyLinks" />
                <testcase name="VerifyAllLinks" time="0,310" classname="VerifyLinks" />
                <testcase name="VerifyAllLinks" time="0,270" classname="VerifyLinks" />
                <testcase name="VerifyAllLinks" time="0,290" classname="VerifyLinks" />
                <testcase name="VerifyAllLinks" time="0,750" classname="VerifyLinks" />
                <testcase name="VerifyAllLinks" time="0,250" classname="VerifyLinks" />
                <testcase name="VerifyAllLinks" time="0,260" classname="VerifyLinks" />
                <testcase name="VerifyAllLinks" time="1,342" classname="VerifyLinks" />
                <testcase name="VerifyAllLinks" time="0,320" classname="VerifyLinks" />
                <testcase name="VerifyAllLinks" time="0,454" classname="VerifyLinks" />
                <testcase name="VerifyAllLinks" time="0,290" classname="VerifyLinks" />
                <testcase name="VerifyAllLinks" time="0,330" classname="VerifyLinks" />
                <testcase name="VerifyAllLinks" time="0,332" classname="VerifyLinks" />
                <testcase name="VerifyAllLinks" time="0,290" classname="VerifyLinks" />
                <testcase name="VerifyAllLinks" time="0,280" classname="VerifyLinks" />
                <testcase name="VerifyAllLinks" time="0,260" classname="VerifyLinks" />
                <testcase name="VerifyAllLinks" time="0,250" classname="VerifyLinks" />
                <testcase name="VerifyAllLinks" time="0,260" classname="VerifyLinks" />
                <testcase name="VerifyAllLinks" time="0,410" classname="VerifyLinks" />
                <testcase name="VerifyAllLinks" time="0,470" classname="VerifyLinks" />
                <testcase name="VerifyAllLinks" time="0,240" classname="VerifyLinks" />
                <testcase name="VerifyAllLinks" time="0,382" classname="VerifyLinks" />
                <testcase name="VerifyAllLinks" time="0,332" classname="VerifyLinks" />
                <testcase name="VerifyAllLinks" time="0,293" classname="VerifyLinks" />
                <testcase name="VerifyAllLinks" time="0,374" classname="VerifyLinks" />
                <testcase name="VerifyAllLinks" time="0,260" classname="VerifyLinks" />
                <testcase name="VerifyAllLinks" time="0,332" classname="VerifyLinks" />
                <testcase name="VerifyAllLinks" time="0,260" classname="VerifyLinks" />
                <testcase name="VerifyAllLinks" time="0,240" classname="VerifyLinks" />
                <testcase name="VerifyAllLinks" time="0,272" classname="VerifyLinks" />
                <testcase name="VerifyAllLinks" time="0,250" classname="VerifyLinks" />
                <testcase name="VerifyAllLinks" time="1,162" classname="VerifyLinks" />
                <testcase name="VerifyAllLinks" time="0,362" classname="VerifyLinks" />
                <testcase name="VerifyAllLinks" time="0,394" classname="VerifyLinks" />
                <testcase name="VerifyAllLinks" time="0,470" classname="VerifyLinks" />
                <testcase name="VerifyAllLinks" time="0,252" classname="VerifyLinks" />
                <testcase name="VerifyAllLinks" time="0,292" classname="VerifyLinks" />
                <testcase name="VerifyAllLinks" time="0,400" classname="VerifyLinks" />
                <testcase name="VerifyAllLinks" time="0,300" classname="VerifyLinks" />
                <testcase name="VerifyAllLinks" time="0,390" classname="VerifyLinks" />
                <testcase name="VerifyAllLinks" time="0,332" classname="VerifyLinks" />
                <testcase name="VerifyAllLinks" time="0,410" classname="VerifyLinks" />
                <testcase name="VerifyAllLinks" time="0,250" classname="VerifyLinks" />
                <testcase name="VerifyAllLinks" time="0,290" classname="VerifyLinks" />
                <testcase name="VerifyAllLinks" time="0,324" classname="VerifyLinks" />
                <testcase name="VerifyAllLinks" time="0,332" classname="VerifyLinks" />
                <testcase name="VerifyAllLinks" time="0,592" classname="VerifyLinks" />
                <testcase name="VerifyAllLinks" time="0,320" classname="VerifyLinks" />
                <testcase name="VerifyAllLinks" time="0,290" classname="VerifyLinks" />
                <testcase name="VerifyAllLinks" time="0,270" classname="VerifyLinks" />
                <testcase name="VerifyAllLinks" time="0,292" classname="VerifyLinks" />
                <testcase name="VerifyAllLinks" time="0,542" classname="VerifyLinks" />
                <testcase name="VerifyAllLinks" time="0,484" classname="VerifyLinks" />
                <testcase name="VerifyAllLinks" time="0,270" classname="VerifyLinks" />
                <testcase name="VerifyAllLinks" time="0,250" classname="VerifyLinks" />
                <testcase name="VerifyAllLinks" time="0,290" classname="VerifyLinks" />
                <testcase name="VerifyAllLinks" time="0,370" classname="VerifyLinks" />
                <testcase name="VerifyAllLinks" time="0,240" classname="VerifyLinks" />
                <testcase name="VerifyAllLinks" time="0,520" classname="VerifyLinks" />
                <testcase name="VerifyAllLinks" time="0,286" classname="VerifyLinks" />
                <testcase name="VerifyAllLinks" time="0,280" classname="VerifyLinks" />
                <testcase name="VerifyAllLinks" time="0,270" classname="VerifyLinks" />
                <testcase name="VerifyAllLinks" time="0,330" classname="VerifyLinks" />
                <testcase name="VerifyAllLinks" time="0,422" classname="VerifyLinks" />
                <testcase name="VerifyAllLinks" time="0,280" classname="VerifyLinks" />
                <testcase name="VerifyAllLinks" time="0,504" classname="VerifyLinks" />
                <testcase name="VerifyAllLinks" time="0,754" classname="VerifyLinks" />
                <testcase name="VerifyAllLinks" time="0,330" classname="VerifyLinks" />
                <testcase name="VerifyAllLinks" time="0,330" classname="VerifyLinks" />
                <testcase name="VerifyAllLinks" time="0,406" classname="VerifyLinks" />
                <testcase name="VerifyAllLinks" time="0,422" classname="VerifyLinks" />
                <testcase name="VerifyAllLinks" time="0,349" classname="VerifyLinks" />
                <testcase name="VerifyAllLinks" time="0,360" classname="VerifyLinks" />
                <testcase name="VerifyAllLinks" time="0,270" classname="VerifyLinks" />
                <testcase name="VerifyAllLinks" time="0,292" classname="VerifyLinks" />
                <testcase name="VerifyAllLinks" time="0,260" classname="VerifyLinks" />
                <testcase name="VerifyAllLinks" time="0,280" classname="VerifyLinks" />
                <testcase name="VerifyAllLinks" time="0,290" classname="VerifyLinks" />
                <testcase name="VerifyAllLinks" time="0,260" classname="VerifyLinks" />
                <testcase name="VerifyAllLinks" time="0,310" classname="VerifyLinks" />
                <testcase name="VerifyAllLinks" time="0,240" classname="VerifyLinks" />
                <testcase name="VerifyAllLinks" time="0,512" classname="VerifyLinks" />
                <testcase name="VerifyAllLinks" time="0,392" classname="VerifyLinks" />
                <testcase name="VerifyAllLinks" time="0,432" classname="VerifyLinks" />
                <testcase name="VerifyAllLinks" time="0,660" classname="VerifyLinks" />
                <testcase name="VerifyAllLinks" time="0,370" classname="VerifyLinks" />
                <testcase name="VerifyAllLinks" time="0,330" classname="VerifyLinks" />
                <testcase name="VerifyAllLinks" time="0,410" classname="VerifyLinks" />
                <testcase name="VerifyAllLinks" time="0,370" classname="VerifyLinks" />
                <testcase name="VerifyAllLinks" time="0,424" classname="VerifyLinks" />
                <testcase name="VerifyAllLinks" time="0,244" classname="VerifyLinks" />
                <testcase name="VerifyAllLinks" time="0,270" classname="VerifyLinks" />
                <testcase name="VerifyAllLinks" time="0,340" classname="VerifyLinks" />
                <testcase name="VerifyAllLinks" time="0,384" classname="VerifyLinks" />
                <testcase name="VerifyAllLinks" time="0,272" classname="VerifyLinks" />
                <testcase name="VerifyAllLinks" time="0,365" classname="VerifyLinks" />
                <testcase name="VerifyAllLinks" time="0,340" classname="VerifyLinks" />
                <testcase name="VerifyAllLinks" time="0,332" classname="VerifyLinks" />
                <testcase name="VerifyAllLinks" time="0,310" classname="VerifyLinks" />
                <testcase name="VerifyAllLinks" time="0,342" classname="VerifyLinks" />
                <testcase name="VerifyAllLinks" time="0,332" classname="VerifyLinks" />
                <testcase name="VerifyAllLinks" time="0,272" classname="VerifyLinks" />
                <testcase name="VerifyAllLinks" time="0,320" classname="VerifyLinks" />
                <testcase name="VerifyAllLinks" time="0,252" classname="VerifyLinks" />
                <testcase name="VerifyAllLinks" time="0,382" classname="VerifyLinks" />
                <testcase name="VerifyAllLinks" time="0,300" classname="VerifyLinks" />
                <testcase name="VerifyAllLinks" time="0,420" classname="VerifyLinks" />
                <testcase name="VerifyAllLinks" time="0,430" classname="VerifyLinks" />
                <testcase name="VerifyAllLinks" time="0,480" classname="VerifyLinks" />
                <testcase name="VerifyAllLinks" time="0,290" classname="VerifyLinks" />
                <testcase name="VerifyAllLinks" time="0,345" classname="VerifyLinks" />
                <testcase name="VerifyAllLinks" time="0,332" classname="VerifyLinks" />
                <testcase name="VerifyAllLinks" time="0,410" classname="VerifyLinks" />
                <testcase name="VerifyAllLinks" time="0,250" classname="VerifyLinks" />
                <testcase name="VerifyAllLinks" time="0,252" classname="VerifyLinks" />
                <testcase name="VerifyAllLinks" time="0,330" classname="VerifyLinks" />
                <testcase name="VerifyAllLinks" time="0,310" classname="VerifyLinks" />
                <testcase name="VerifyAllLinks" time="0,486" classname="VerifyLinks" />
                <testcase name="VerifyAllLinks" time="0,230" classname="VerifyLinks" />
                <testcase name="VerifyAllLinks" time="0,240" classname="VerifyLinks" />
                <testcase name="VerifyAllLinks" time="0,715" classname="VerifyLinks" />
                <testcase name="VerifyAllLinks" time="0,292" classname="VerifyLinks" />
                <testcase name="VerifyAllLinks" time="0,412" classname="VerifyLinks" />
                <testcase name="VerifyAllLinks" time="0,512" classname="VerifyLinks" />
                <testcase name="VerifyAllLinks" time="0,374" classname="VerifyLinks" />
                <testcase name="VerifyAllLinks" time="0,874" classname="VerifyLinks" />
                <testcase name="VerifyAllLinks" time="0,310" classname="VerifyLinks" />
                <testcase name="VerifyAllLinks" time="0,460" classname="VerifyLinks" />
                <testcase name="VerifyAllLinks" time="0,280" classname="VerifyLinks" />
                <testcase name="VerifyAllLinks" time="0,350" classname="VerifyLinks" />
                <testcase name="VerifyAllLinks" time="0,270" classname="VerifyLinks" />
                <testcase name="VerifyAllLinks" time="0,322" classname="VerifyLinks" />
                <testcase name="VerifyAllLinks" time="0,622" classname="VerifyLinks" />
                <testcase name="VerifyAllLinks" time="0,450" classname="VerifyLinks" />
                <testcase name="VerifyAllLinks" time="0,292" classname="VerifyLinks" />
                <testcase name="VerifyAllLinks" time="0,420" classname="VerifyLinks" />
                <testcase name="VerifyAllLinks" time="0,273" classname="VerifyLinks" />
                <testcase name="VerifyAllLinks" time="0,344" classname="VerifyLinks" />
                <testcase name="VerifyAllLinks" time="0,270" classname="VerifyLinks" />
                <testcase name="VerifyAllLinks" time="0,282" classname="VerifyLinks" />
                <testcase name="VerifyAllLinks" time="0,629" classname="VerifyLinks" />
                <testcase name="VerifyAllLinks" time="0,262" classname="VerifyLinks" />
                <testcase name="VerifyAllLinks" time="0,314" classname="VerifyLinks" />
                <testcase name="VerifyAllLinks" time="0,290" classname="VerifyLinks" />
                <testcase name="VerifyAllLinks" time="0,530" classname="VerifyLinks" />
                <testcase name="VerifyAllLinks" time="0,338" classname="VerifyLinks" />
                <testcase name="VerifyAllLinks" time="0,380" classname="VerifyLinks" />
                <testcase name="VerifyAllLinks" time="0,312" classname="VerifyLinks" />
                <testcase name="VerifyAllLinks" time="0,320" classname="VerifyLinks" />
                <testcase name="VerifyAllLinks" time="0,320" classname="VerifyLinks" />
                <testcase name="VerifyAllLinks" time="0,000" classname="VerifyLinks" />
                <testcase name="VerifyAllLinks" time="0,330" classname="VerifyLinks" />
                <testcase name="VerifyAllLinks" time="0,300" classname="VerifyLinks" />
                <testcase name="VerifyAllLinks" time="0,421" classname="VerifyLinks" />
                <testcase name="VerifyAllLinks" time="0,470" classname="VerifyLinks" />
                <testcase name="VerifyAllLinks" time="0,510" classname="VerifyLinks" />
                <testcase name="VerifyAllLinks" time="0,540" classname="VerifyLinks" />
                <testcase name="VerifyAllLinks" time="0,382" classname="VerifyLinks" />
                <testcase name="VerifyAllLinks" time="0,250" classname="VerifyLinks" />
                <testcase name="VerifyAllLinks" time="0,580" classname="VerifyLinks" />
                <testcase name="VerifyAllLinks" time="0,270" classname="VerifyLinks" />
                <testcase name="VerifyAllLinks" time="1,164" classname="VerifyLinks" />
                <testcase name="VerifyAllLinks" time="0,340" classname="VerifyLinks" />
                <testcase name="VerifyAllLinks" time="0,240" classname="VerifyLinks" />
                <testcase name="VerifyAllLinks" time="0,442" classname="VerifyLinks" />
                <testcase name="VerifyAllLinks" time="0,424" classname="VerifyLinks" />
                <testcase name="VerifyAllLinks" time="0,230" classname="VerifyLinks" />
                <testcase name="VerifyAllLinks" time="0,640" classname="VerifyLinks" />
                <testcase name="VerifyAllLinks" time="0,455" classname="VerifyLinks" />
                <testcase name="VerifyAllLinks" time="0,472" classname="VerifyLinks" />
                <testcase name="VerifyAllLinks" time="0,240" classname="VerifyLinks" />
                <testcase name="VerifyAllLinks" time="0,262" classname="VerifyLinks" />
                <testcase name="VerifyAllLinks" time="0,272" classname="VerifyLinks" />
                <testcase name="VerifyAllLinks" time="0,352" classname="VerifyLinks" />
                <testcase name="VerifyAllLinks" time="0,352" classname="VerifyLinks" />
                <testcase name="VerifyAllLinks" time="0,270" classname="VerifyLinks" />
                <testcase name="VerifyAllLinks" time="0,404" classname="VerifyLinks" />
                <testcase name="VerifyAllLinks" time="0,352" classname="VerifyLinks" />
                <testcase name="VerifyAllLinks" time="0,322" classname="VerifyLinks" />
                <testcase name="VerifyAllLinks" time="0,260" classname="VerifyLinks" />
                <testcase name="VerifyAllLinks" time="0,280" classname="VerifyLinks" />
                <testcase name="VerifyAllLinks" time="0,270" classname="VerifyLinks" />
                <testcase name="VerifyAllLinks" time="0,300" classname="VerifyLinks" />
                <testcase name="VerifyAllLinks" time="0,380" classname="VerifyLinks" />
                <testcase name="VerifyAllLinks" time="0,270" classname="VerifyLinks" />
                <testcase name="VerifyAllLinks" time="0,340" classname="VerifyLinks" />
                <testcase name="VerifyAllLinks" time="1,670" classname="VerifyLinks" />
                <testcase name="VerifyAllLinks" time="0,277" classname="VerifyLinks" />
                <testcase name="VerifyAllLinks" time="0,252" classname="VerifyLinks" />
                <testcase name="VerifyAllLinks" time="0,260" classname="VerifyLinks" />
                <testcase name="VerifyAllLinks" time="0,287" classname="VerifyLinks" />
                <testcase name="VerifyAllLinks" time="0,300" classname="VerifyLinks" />
                <testcase name="VerifyAllLinks" time="0,280" classname="VerifyLinks" />
                <testcase name="VerifyAllLinks" time="0,290" classname="VerifyLinks" />
                <testcase name="VerifyAllLinks" time="0,280" classname="VerifyLinks" />
                <testcase name="VerifyAllLinks" time="0,320" classname="VerifyLinks" />
                <testcase name="VerifyAllLinks" time="0,450" classname="VerifyLinks" />
                <testcase name="VerifyAllLinks" time="0,290" classname="VerifyLinks" />
                <testcase name="VerifyAllLinks" time="0,300" classname="VerifyLinks" />
                <testcase name="VerifyAllLinks" time="0,360" classname="VerifyLinks" />
      
</testsuite>
